Using pre-set license
Built from '2020.3/staging' branch; Version is '2020.3.24f1 (79c78de19888) revision 7980941'; Using compiler version '192528614'; Build Type 'Release'
OS: 'Windows 10  (10.0.18362) 64bit Professional' Language: 'ru' Physical Memory: 16309 MB
BatchMode: 1, IsHumanControllingUs: 0, StartBugReporterOnCrash: 0, Is64bit: 1, IsPro: 0

COMMAND LINE ARGUMENTS:
C:\Program Files\Unity\Hub\Editor\2020.3.24f1\Editor\Unity.exe
-adb2
-batchMode
-noUpm
-name
AssetImportWorker0
-projectPath
C:/Users/User/gamedev-projects/first-pl
-logFile
Logs/AssetImportWorker0.log
-srvPort
55515
Successfully changed project path to: C:/Users/User/gamedev-projects/first-pl
C:/Users/User/gamedev-projects/first-pl
Using Asset Import Pipeline V2.
Refreshing native plugins compatible for Editor in 43.69 ms, found 3 plugins.
Preloading 0 native plugins for Editor in 0.00 ms.
Initialize engine version: 2020.3.24f1 (79c78de19888)
[Subsystems] Discovering subsystems at path C:/Program Files/Unity/Hub/Editor/2020.3.24f1/Editor/Data/Resources/UnitySubsystems
[Subsystems] Discovering subsystems at path C:/Users/User/gamedev-projects/first-pl/Assets
GfxDevice: creating device client; threaded=0
Direct3D:
    Version:  Direct3D 11.0 [level 11.1]
    Renderer: NVIDIA GeForce GTX 1060 6GB (ID=0x1c03)
    Vendor:   
    VRAM:     6052 MB
    Driver:   30.0.14.7111
Initialize mono
Mono path[0] = 'C:/Program Files/Unity/Hub/Editor/2020.3.24f1/Editor/Data/Managed'
Mono path[1] = 'C:/Program Files/Unity/Hub/Editor/2020.3.24f1/Editor/Data/MonoBleedingEdge/lib/mono/unityjit'
Mono config path = 'C:/Program Files/Unity/Hub/Editor/2020.3.24f1/Editor/Data/MonoBleedingEdge/etc'
Using monoOptions --debugger-agent=transport=dt_socket,embedding=1,server=y,suspend=n,address=127.0.0.1:56216
Begin MonoManager ReloadAssembly
Registering precompiled unity dll's ...
Register platform support module: C:/Program Files/Unity/Hub/Editor/2020.3.24f1/Editor/Data/PlaybackEngines/WindowsStandaloneSupport/UnityEditor.WindowsStandalone.Extensions.dll
Registered in 0.001509 seconds.
Native extension for WindowsStandalone target not found
Refreshing native plugins compatible for Editor in 44.15 ms, found 3 plugins.
Preloading 0 native plugins for Editor in 0.00 ms.
Mono: successfully reloaded assembly
- Completed reload, in  0.544 seconds
Domain Reload Profiling:
	ReloadAssembly (545ms)
		BeginReloadAssembly (68ms)
			ExecutionOrderSort (0ms)
			DisableScriptedObjects (0ms)
			BackupInstance (0ms)
			ReleaseScriptingObjects (0ms)
			CreateAndSetChildDomain (1ms)
		EndReloadAssembly (409ms)
			LoadAssemblies (62ms)
			RebuildTransferFunctionScriptingTraits (0ms)
			SetupTypeCache (134ms)
			ReleaseScriptCaches (0ms)
			RebuildScriptCaches (29ms)
			SetupLoadedEditorAssemblies (159ms)
				LogAssemblyErrors (0ms)
				InitializePlatformSupportModulesInManaged (4ms)
				SetLoadedEditorAssemblies (0ms)
				RefreshPlugins (44ms)
				BeforeProcessingInitializeOnLoad (12ms)
				ProcessInitializeOnLoadAttributes (71ms)
				ProcessInitializeOnLoadMethodAttributes (27ms)
				AfterProcessingInitializeOnLoad (0ms)
				EditorAssembliesLoaded (0ms)
			ExecutionOrderSort2 (0ms)
			AwakeInstancesAfterBackupRestoration (0ms)
Platform modules already initialized, skipping
Registering precompiled user dll's ...
Registered in 0.004019 seconds.
Begin MonoManager ReloadAssembly
Native extension for WindowsStandalone target not found
Refreshing native plugins compatible for Editor in 42.96 ms, found 3 plugins.
Preloading 0 native plugins for Editor in 0.00 ms.
Mono: successfully reloaded assembly
- Completed reload, in  1.219 seconds
Domain Reload Profiling:
	ReloadAssembly (1220ms)
		BeginReloadAssembly (270ms)
			ExecutionOrderSort (0ms)
			DisableScriptedObjects (4ms)
			BackupInstance (0ms)
			ReleaseScriptingObjects (0ms)
			CreateAndSetChildDomain (26ms)
		EndReloadAssembly (885ms)
			LoadAssemblies (223ms)
			RebuildTransferFunctionScriptingTraits (0ms)
			SetupTypeCache (317ms)
			ReleaseScriptCaches (1ms)
			RebuildScriptCaches (47ms)
			SetupLoadedEditorAssemblies (307ms)
				LogAssemblyErrors (0ms)
				InitializePlatformSupportModulesInManaged (3ms)
				SetLoadedEditorAssemblies (0ms)
				RefreshPlugins (43ms)
				BeforeProcessingInitializeOnLoad (69ms)
				ProcessInitializeOnLoadAttributes (171ms)
				ProcessInitializeOnLoadMethodAttributes (14ms)
				AfterProcessingInitializeOnLoad (5ms)
				EditorAssembliesLoaded (0ms)
			ExecutionOrderSort2 (0ms)
			AwakeInstancesAfterBackupRestoration (5ms)
Platform modules already initialized, skipping
========================================================================
Worker process is ready to serve import requests
Launched and connected shader compiler UnityShaderCompiler.exe after 0.05 seconds
Refreshing native plugins compatible for Editor in 0.63 ms, found 3 plugins.
Preloading 0 native plugins for Editor in 0.00 ms.
Unloading 2211 Unused Serialized files (Serialized files now loaded: 0)
System memory in use before: 96.2 MB.
System memory in use after: 96.3 MB.

Unloading 28 unused Assets to reduce memory usage. Loaded Objects now: 2644.
Total: 3.116300 ms (FindLiveObjects: 0.265100 ms CreateObjectMapping: 0.052900 ms MarkObjects: 2.724200 ms  DeleteObjects: 0.072800 ms)

AssetImportParameters requested are different than current active one (requested -> active):
  custom:framework-win-MediaFoundation: 216162199b28c13a410421893ffa2e32 -> 
  custom:video-decoder-ogg-theora: a1e56fd34408186e4bbccfd4996cb3dc -> 
  custom:container-muxer-webm: aa71ff27fc2769a1b78a27578f13a17b -> 
  custom:container-demuxer-webm: 4f35f7cbe854078d1ac9338744f61a02 -> 
  custom:container-demuxer-ogg: 62fdf1f143b41e24485cea50d1cbac27 -> 
  custom:video-encoder-webm-vp8: eb34c28f22e8b96e1ab97ce403110664 -> 
  custom:video-decoder-webm-vp8: 9c59270c3fd7afecdb556c50c9e8de78 -> 
  custom:audio-decoder-ogg-vorbis: bf7c407c2cedff20999df2af8eb42d56 -> 
  custom:audio-encoder-webm-vorbis: bf7c407c2cedff20999df2af8eb42d56 -> 
========================================================================
Received Import Request.
  path: Assets/scripts/CommanPattern/WeaponSwapCommand.cs
  artifactKey: Guid(05b20b684238dc848b5e491226c738ec) Importer(815301076,1909f56bfc062723c751e8b465ee728b)
Start importing Assets/scripts/CommanPattern/WeaponSwapCommand.cs using Guid(05b20b684238dc848b5e491226c738ec) Importer(815301076,1909f56bfc062723c751e8b465ee728b)  -> (artifact id: '9b38124d9cd57790f2737419aa1a11bd') in 0.032227 seconds 
  Import took 0.035877 seconds .

========================================================================
Received Import Request.
  Time since last request: 10850.207933 seconds.
  path: Assets/scripts/CommanPattern/WeaponSwapCommand.cs
  artifactKey: Guid(05b20b684238dc848b5e491226c738ec) Importer(815301076,1909f56bfc062723c751e8b465ee728b)
Start importing Assets/scripts/CommanPattern/WeaponSwapCommand.cs using Guid(05b20b684238dc848b5e491226c738ec) Importer(815301076,1909f56bfc062723c751e8b465ee728b)  -> (artifact id: '0fce24beeb3a76adb465fe5e2fbfd9d6') in 0.003293 seconds 
  Import took 0.010355 seconds .

========================================================================
Received Prepare
Registering precompiled user dll's ...
Registered in 0.141329 seconds.
Begin MonoManager ReloadAssembly
Native extension for WindowsStandalone target not found
Refreshing native plugins compatible for Editor in 0.61 ms, found 3 plugins.
Preloading 0 native plugins for Editor in 0.00 ms.
Mono: successfully reloaded assembly
- Completed reload, in  0.844 seconds
Domain Reload Profiling:
	ReloadAssembly (845ms)
		BeginReloadAssembly (110ms)
			ExecutionOrderSort (0ms)
			DisableScriptedObjects (6ms)
			BackupInstance (0ms)
			ReleaseScriptingObjects (0ms)
			CreateAndSetChildDomain (46ms)
		EndReloadAssembly (678ms)
			LoadAssemblies (73ms)
			RebuildTransferFunctionScriptingTraits (0ms)
			SetupTypeCache (242ms)
			ReleaseScriptCaches (1ms)
			RebuildScriptCaches (36ms)
			SetupLoadedEditorAssemblies (239ms)
				LogAssemblyErrors (0ms)
				InitializePlatformSupportModulesInManaged (3ms)
				SetLoadedEditorAssemblies (0ms)
				RefreshPlugins (1ms)
				BeforeProcessingInitializeOnLoad (67ms)
				ProcessInitializeOnLoadAttributes (154ms)
				ProcessInitializeOnLoadMethodAttributes (9ms)
				AfterProcessingInitializeOnLoad (5ms)
				EditorAssembliesLoaded (0ms)
			ExecutionOrderSort2 (0ms)
			AwakeInstancesAfterBackupRestoration (7ms)
Platform modules already initialized, skipping
Refreshing native plugins compatible for Editor in 0.61 ms, found 3 plugins.
Preloading 0 native plugins for Editor in 0.00 ms.
Unloading 2200 Unused Serialized files (Serialized files now loaded: 0)
System memory in use before: 95.6 MB.
System memory in use after: 95.7 MB.

Unloading 17 unused Assets to reduce memory usage. Loaded Objects now: 2646.
Total: 3.111200 ms (FindLiveObjects: 0.237900 ms CreateObjectMapping: 0.051200 ms MarkObjects: 2.778500 ms  DeleteObjects: 0.041700 ms)

AssetImportParameters requested are different than current active one (requested -> active):
  custom:framework-win-MediaFoundation: 216162199b28c13a410421893ffa2e32 -> 
  custom:video-decoder-ogg-theora: a1e56fd34408186e4bbccfd4996cb3dc -> 
  custom:container-muxer-webm: aa71ff27fc2769a1b78a27578f13a17b -> 
  custom:container-demuxer-webm: 4f35f7cbe854078d1ac9338744f61a02 -> 
  custom:container-demuxer-ogg: 62fdf1f143b41e24485cea50d1cbac27 -> 
  custom:video-encoder-webm-vp8: eb34c28f22e8b96e1ab97ce403110664 -> 
  custom:video-decoder-webm-vp8: 9c59270c3fd7afecdb556c50c9e8de78 -> 
  custom:audio-decoder-ogg-vorbis: bf7c407c2cedff20999df2af8eb42d56 -> 
  custom:audio-encoder-webm-vorbis: bf7c407c2cedff20999df2af8eb42d56 -> 
========================================================================
Received Prepare
Refreshing native plugins compatible for Editor in 3.42 ms, found 3 plugins.
Preloading 0 native plugins for Editor in 0.00 ms.
Unloading 15 Unused Serialized files (Serialized files now loaded: 0)
System memory in use before: 52.4 MB.
System memory in use after: 52.6 MB.

Unloading 15 unused Assets to reduce memory usage. Loaded Objects now: 2646.
Total: 2.978400 ms (FindLiveObjects: 0.218600 ms CreateObjectMapping: 0.049600 ms MarkObjects: 2.696000 ms  DeleteObjects: 0.013600 ms)

AssetImportParameters requested are different than current active one (requested -> active):
  custom:framework-win-MediaFoundation: 216162199b28c13a410421893ffa2e32 -> 
  custom:video-decoder-ogg-theora: a1e56fd34408186e4bbccfd4996cb3dc -> 
  custom:container-muxer-webm: aa71ff27fc2769a1b78a27578f13a17b -> 
  custom:container-demuxer-webm: 4f35f7cbe854078d1ac9338744f61a02 -> 
  custom:container-demuxer-ogg: 62fdf1f143b41e24485cea50d1cbac27 -> 
  custom:video-encoder-webm-vp8: eb34c28f22e8b96e1ab97ce403110664 -> 
  custom:video-decoder-webm-vp8: 9c59270c3fd7afecdb556c50c9e8de78 -> 
  custom:audio-decoder-ogg-vorbis: bf7c407c2cedff20999df2af8eb42d56 -> 
  custom:audio-encoder-webm-vorbis: bf7c407c2cedff20999df2af8eb42d56 -> 
========================================================================
Received Prepare
Registering precompiled user dll's ...
Registered in 0.003578 seconds.
Begin MonoManager ReloadAssembly
Native extension for WindowsStandalone target not found
Refreshing native plugins compatible for Editor in 0.60 ms, found 3 plugins.
Preloading 0 native plugins for Editor in 0.00 ms.
Mono: successfully reloaded assembly
- Completed reload, in  0.827 seconds
Domain Reload Profiling:
	ReloadAssembly (827ms)
		BeginReloadAssembly (92ms)
			ExecutionOrderSort (0ms)
			DisableScriptedObjects (5ms)
			BackupInstance (0ms)
			ReleaseScriptingObjects (0ms)
			CreateAndSetChildDomain (31ms)
		EndReloadAssembly (681ms)
			LoadAssemblies (74ms)
			RebuildTransferFunctionScriptingTraits (0ms)
			SetupTypeCache (246ms)
			ReleaseScriptCaches (1ms)
			RebuildScriptCaches (35ms)
			SetupLoadedEditorAssemblies (240ms)
				LogAssemblyErrors (0ms)
				InitializePlatformSupportModulesInManaged (4ms)
				SetLoadedEditorAssemblies (0ms)
				RefreshPlugins (1ms)
				BeforeProcessingInitializeOnLoad (68ms)
				ProcessInitializeOnLoadAttributes (154ms)
				ProcessInitializeOnLoadMethodAttributes (9ms)
				AfterProcessingInitializeOnLoad (5ms)
				EditorAssembliesLoaded (0ms)
			ExecutionOrderSort2 (0ms)
			AwakeInstancesAfterBackupRestoration (7ms)
Platform modules already initialized, skipping
Refreshing native plugins compatible for Editor in 0.52 ms, found 3 plugins.
Preloading 0 native plugins for Editor in 0.00 ms.
Unloading 2200 Unused Serialized files (Serialized files now loaded: 0)
System memory in use before: 95.6 MB.
System memory in use after: 95.7 MB.

Unloading 17 unused Assets to reduce memory usage. Loaded Objects now: 2648.
Total: 2.957400 ms (FindLiveObjects: 0.213300 ms CreateObjectMapping: 0.050500 ms MarkObjects: 2.676500 ms  DeleteObjects: 0.015900 ms)

AssetImportParameters requested are different than current active one (requested -> active):
  custom:framework-win-MediaFoundation: 216162199b28c13a410421893ffa2e32 -> 
  custom:video-decoder-ogg-theora: a1e56fd34408186e4bbccfd4996cb3dc -> 
  custom:container-muxer-webm: aa71ff27fc2769a1b78a27578f13a17b -> 
  custom:container-demuxer-webm: 4f35f7cbe854078d1ac9338744f61a02 -> 
  custom:container-demuxer-ogg: 62fdf1f143b41e24485cea50d1cbac27 -> 
  custom:video-encoder-webm-vp8: eb34c28f22e8b96e1ab97ce403110664 -> 
  custom:video-decoder-webm-vp8: 9c59270c3fd7afecdb556c50c9e8de78 -> 
  custom:audio-decoder-ogg-vorbis: bf7c407c2cedff20999df2af8eb42d56 -> 
  custom:audio-encoder-webm-vorbis: bf7c407c2cedff20999df2af8eb42d56 -> 
========================================================================
Received Import Request.
  Time since last request: 116.911377 seconds.
  path: Assets/Sprites/Weapons/laserRed14.png
  artifactKey: Guid(4ecee99e9cc693f4cbde0ed303dbd64d) Importer(815301076,1909f56bfc062723c751e8b465ee728b)
Start importing Assets/Sprites/Weapons/laserRed14.png using Guid(4ecee99e9cc693f4cbde0ed303dbd64d) Importer(815301076,1909f56bfc062723c751e8b465ee728b)  -> (artifact id: '727bbf2b3e286f3598974b7969ce5570') in 0.102057 seconds 
  Import took 0.105637 seconds .

========================================================================
Received Import Request.
  Time since last request: 0.000169 seconds.
  path: Assets/Sprites/Weapons/Sword.png
  artifactKey: Guid(830f83ae483e5ee4aa6a74feaf897ecc) Importer(815301076,1909f56bfc062723c751e8b465ee728b)
Start importing Assets/Sprites/Weapons/Sword.png using Guid(830f83ae483e5ee4aa6a74feaf897ecc) Importer(815301076,1909f56bfc062723c751e8b465ee728b)  -> (artifact id: 'b9f886bcb2c8173b94731dffa83c036a') in 0.041529 seconds 
  Import took 0.044525 seconds .

========================================================================
Received Import Request.
  Time since last request: 0.000174 seconds.
  path: Assets/Sprites/Weapons/swipe.png
  artifactKey: Guid(3b29ca8a22fa6b945aa5cb8e18a08b5f) Importer(815301076,1909f56bfc062723c751e8b465ee728b)
Start importing Assets/Sprites/Weapons/swipe.png using Guid(3b29ca8a22fa6b945aa5cb8e18a08b5f) Importer(815301076,1909f56bfc062723c751e8b465ee728b)  -> (artifact id: '68b14155041b247255723d2df98d81d1') in 0.031344 seconds 
  Import took 0.034456 seconds .

========================================================================
Received Import Request.
  Time since last request: 32.023656 seconds.
  path: Assets/Sprites/Weapons/Sword.png
  artifactKey: Guid(830f83ae483e5ee4aa6a74feaf897ecc) Importer(815301076,1909f56bfc062723c751e8b465ee728b)
Start importing Assets/Sprites/Weapons/Sword.png using Guid(830f83ae483e5ee4aa6a74feaf897ecc) Importer(815301076,1909f56bfc062723c751e8b465ee728b)  -> (artifact id: '84c9fba48a334e675467cbfde504b7dd') in 0.011029 seconds 
  Import took 0.014622 seconds .

========================================================================
Received Import Request.
  Time since last request: 0.000164 seconds.
  path: Assets/Sprites/Weapons/Gun.png
  artifactKey: Guid(8409b9a90805e524088aac103df4c6af) Importer(815301076,1909f56bfc062723c751e8b465ee728b)
Start importing Assets/Sprites/Weapons/Gun.png using Guid(8409b9a90805e524088aac103df4c6af) Importer(815301076,1909f56bfc062723c751e8b465ee728b)  -> (artifact id: '70e4866c349baf83e2a61a8bc6d36922') in 0.016799 seconds 
  Import took 0.020093 seconds .

========================================================================
Received Prepare
Registering precompiled user dll's ...
Registered in 0.004100 seconds.
Begin MonoManager ReloadAssembly
Native extension for WindowsStandalone target not found
Refreshing native plugins compatible for Editor in 0.96 ms, found 3 plugins.
Preloading 0 native plugins for Editor in 0.00 ms.
Mono: successfully reloaded assembly
- Completed reload, in  1.072 seconds
Domain Reload Profiling:
	ReloadAssembly (1075ms)
		BeginReloadAssembly (152ms)
			ExecutionOrderSort (0ms)
			DisableScriptedObjects (15ms)
			BackupInstance (0ms)
			ReleaseScriptingObjects (0ms)
			CreateAndSetChildDomain (71ms)
		EndReloadAssembly (863ms)
			LoadAssemblies (81ms)
			RebuildTransferFunctionScriptingTraits (0ms)
			SetupTypeCache (396ms)
			ReleaseScriptCaches (1ms)
			RebuildScriptCaches (38ms)
			SetupLoadedEditorAssemblies (251ms)
				LogAssemblyErrors (0ms)
				InitializePlatformSupportModulesInManaged (6ms)
				SetLoadedEditorAssemblies (1ms)
				RefreshPlugins (1ms)
				BeforeProcessingInitializeOnLoad (73ms)
				ProcessInitializeOnLoadAttributes (156ms)
				ProcessInitializeOnLoadMethodAttributes (9ms)
				AfterProcessingInitializeOnLoad (5ms)
				EditorAssembliesLoaded (0ms)
			ExecutionOrderSort2 (0ms)
			AwakeInstancesAfterBackupRestoration (8ms)
Platform modules already initialized, skipping
Refreshing native plugins compatible for Editor in 0.60 ms, found 3 plugins.
Preloading 0 native plugins for Editor in 0.00 ms.
Unloading 2200 Unused Serialized files (Serialized files now loaded: 0)
System memory in use before: 98.6 MB.
System memory in use after: 98.7 MB.

Unloading 17 unused Assets to reduce memory usage. Loaded Objects now: 2662.
Total: 3.111600 ms (FindLiveObjects: 0.299900 ms CreateObjectMapping: 0.051600 ms MarkObjects: 2.741800 ms  DeleteObjects: 0.017000 ms)

AssetImportParameters requested are different than current active one (requested -> active):
  custom:framework-win-MediaFoundation: 216162199b28c13a410421893ffa2e32 -> 
  custom:video-decoder-ogg-theora: a1e56fd34408186e4bbccfd4996cb3dc -> 
  custom:container-muxer-webm: aa71ff27fc2769a1b78a27578f13a17b -> 
  custom:container-demuxer-webm: 4f35f7cbe854078d1ac9338744f61a02 -> 
  custom:container-demuxer-ogg: 62fdf1f143b41e24485cea50d1cbac27 -> 
  custom:video-encoder-webm-vp8: eb34c28f22e8b96e1ab97ce403110664 -> 
  custom:video-decoder-webm-vp8: 9c59270c3fd7afecdb556c50c9e8de78 -> 
  custom:audio-decoder-ogg-vorbis: bf7c407c2cedff20999df2af8eb42d56 -> 
  custom:audio-encoder-webm-vorbis: bf7c407c2cedff20999df2af8eb42d56 -> 
========================================================================
Received Prepare
Registering precompiled user dll's ...
Registered in 0.004037 seconds.
Begin MonoManager ReloadAssembly
Native extension for WindowsStandalone target not found
Refreshing native plugins compatible for Editor in 0.65 ms, found 3 plugins.
Preloading 0 native plugins for Editor in 0.00 ms.
Mono: successfully reloaded assembly
- Completed reload, in  0.871 seconds
Domain Reload Profiling:
	ReloadAssembly (871ms)
		BeginReloadAssembly (96ms)
			ExecutionOrderSort (0ms)
			DisableScriptedObjects (5ms)
			BackupInstance (0ms)
			ReleaseScriptingObjects (0ms)
			CreateAndSetChildDomain (34ms)
		EndReloadAssembly (719ms)
			LoadAssemblies (76ms)
			RebuildTransferFunctionScriptingTraits (0ms)
			SetupTypeCache (254ms)
			ReleaseScriptCaches (1ms)
			RebuildScriptCaches (37ms)
			SetupLoadedEditorAssemblies (258ms)
				LogAssemblyErrors (0ms)
				InitializePlatformSupportModulesInManaged (4ms)
				SetLoadedEditorAssemblies (0ms)
				RefreshPlugins (1ms)
				BeforeProcessingInitializeOnLoad (73ms)
				ProcessInitializeOnLoadAttributes (164ms)
				ProcessInitializeOnLoadMethodAttributes (10ms)
				AfterProcessingInitializeOnLoad (6ms)
				EditorAssembliesLoaded (0ms)
			ExecutionOrderSort2 (0ms)
			AwakeInstancesAfterBackupRestoration (8ms)
Platform modules already initialized, skipping
Refreshing native plugins compatible for Editor in 0.59 ms, found 3 plugins.
Preloading 0 native plugins for Editor in 0.00 ms.
Unloading 2200 Unused Serialized files (Serialized files now loaded: 0)
System memory in use before: 98.6 MB.
System memory in use after: 98.7 MB.

Unloading 17 unused Assets to reduce memory usage. Loaded Objects now: 2664.
Total: 3.173000 ms (FindLiveObjects: 0.254200 ms CreateObjectMapping: 0.052100 ms MarkObjects: 2.847500 ms  DeleteObjects: 0.018100 ms)

AssetImportParameters requested are different than current active one (requested -> active):
  custom:framework-win-MediaFoundation: 216162199b28c13a410421893ffa2e32 -> 
  custom:video-decoder-ogg-theora: a1e56fd34408186e4bbccfd4996cb3dc -> 
  custom:container-muxer-webm: aa71ff27fc2769a1b78a27578f13a17b -> 
  custom:container-demuxer-webm: 4f35f7cbe854078d1ac9338744f61a02 -> 
  custom:container-demuxer-ogg: 62fdf1f143b41e24485cea50d1cbac27 -> 
  custom:video-encoder-webm-vp8: eb34c28f22e8b96e1ab97ce403110664 -> 
  custom:video-decoder-webm-vp8: 9c59270c3fd7afecdb556c50c9e8de78 -> 
  custom:audio-decoder-ogg-vorbis: bf7c407c2cedff20999df2af8eb42d56 -> 
  custom:audio-encoder-webm-vorbis: bf7c407c2cedff20999df2af8eb42d56 -> 
========================================================================
Received Prepare
Registering precompiled user dll's ...
Registered in 0.004345 seconds.
Begin MonoManager ReloadAssembly
Native extension for WindowsStandalone target not found
Refreshing native plugins compatible for Editor in 0.69 ms, found 3 plugins.
Preloading 0 native plugins for Editor in 0.00 ms.
Mono: successfully reloaded assembly
- Completed reload, in  0.871 seconds
Domain Reload Profiling:
	ReloadAssembly (872ms)
		BeginReloadAssembly (98ms)
			ExecutionOrderSort (0ms)
			DisableScriptedObjects (7ms)
			BackupInstance (0ms)
			ReleaseScriptingObjects (0ms)
			CreateAndSetChildDomain (32ms)
		EndReloadAssembly (715ms)
			LoadAssemblies (76ms)
			RebuildTransferFunctionScriptingTraits (0ms)
			SetupTypeCache (253ms)
			ReleaseScriptCaches (1ms)
			RebuildScriptCaches (43ms)
			SetupLoadedEditorAssemblies (252ms)
				LogAssemblyErrors (0ms)
				InitializePlatformSupportModulesInManaged (4ms)
				SetLoadedEditorAssemblies (0ms)
				RefreshPlugins (1ms)
				BeforeProcessingInitializeOnLoad (72ms)
				ProcessInitializeOnLoadAttributes (161ms)
				ProcessInitializeOnLoadMethodAttributes (9ms)
				AfterProcessingInitializeOnLoad (5ms)
				EditorAssembliesLoaded (0ms)
			ExecutionOrderSort2 (0ms)
			AwakeInstancesAfterBackupRestoration (7ms)
Platform modules already initialized, skipping
Refreshing native plugins compatible for Editor in 0.82 ms, found 3 plugins.
Preloading 0 native plugins for Editor in 0.00 ms.
Unloading 2200 Unused Serialized files (Serialized files now loaded: 0)
System memory in use before: 98.6 MB.
System memory in use after: 98.7 MB.

Unloading 17 unused Assets to reduce memory usage. Loaded Objects now: 2666.
Total: 4.004900 ms (FindLiveObjects: 0.426000 ms CreateObjectMapping: 0.054700 ms MarkObjects: 3.490500 ms  DeleteObjects: 0.031400 ms)

AssetImportParameters requested are different than current active one (requested -> active):
  custom:framework-win-MediaFoundation: 216162199b28c13a410421893ffa2e32 -> 
  custom:video-decoder-ogg-theora: a1e56fd34408186e4bbccfd4996cb3dc -> 
  custom:container-muxer-webm: aa71ff27fc2769a1b78a27578f13a17b -> 
  custom:container-demuxer-webm: 4f35f7cbe854078d1ac9338744f61a02 -> 
  custom:container-demuxer-ogg: 62fdf1f143b41e24485cea50d1cbac27 -> 
  custom:video-encoder-webm-vp8: eb34c28f22e8b96e1ab97ce403110664 -> 
  custom:video-decoder-webm-vp8: 9c59270c3fd7afecdb556c50c9e8de78 -> 
  custom:audio-decoder-ogg-vorbis: bf7c407c2cedff20999df2af8eb42d56 -> 
  custom:audio-encoder-webm-vorbis: bf7c407c2cedff20999df2af8eb42d56 -> 
========================================================================
Received Prepare
Registering precompiled user dll's ...
Registered in 0.004216 seconds.
Begin MonoManager ReloadAssembly
Native extension for WindowsStandalone target not found
Refreshing native plugins compatible for Editor in 0.60 ms, found 3 plugins.
Preloading 0 native plugins for Editor in 0.00 ms.
Mono: successfully reloaded assembly
- Completed reload, in  0.893 seconds
Domain Reload Profiling:
	ReloadAssembly (893ms)
		BeginReloadAssembly (103ms)
			ExecutionOrderSort (0ms)
			DisableScriptedObjects (5ms)
			BackupInstance (0ms)
			ReleaseScriptingObjects (0ms)
			CreateAndSetChildDomain (34ms)
		EndReloadAssembly (730ms)
			LoadAssemblies (88ms)
			RebuildTransferFunctionScriptingTraits (0ms)
			SetupTypeCache (266ms)
			ReleaseScriptCaches (1ms)
			RebuildScriptCaches (37ms)
			SetupLoadedEditorAssemblies (252ms)
				LogAssemblyErrors (0ms)
				InitializePlatformSupportModulesInManaged (4ms)
				SetLoadedEditorAssemblies (0ms)
				RefreshPlugins (1ms)
				BeforeProcessingInitializeOnLoad (69ms)
				ProcessInitializeOnLoadAttributes (163ms)
				ProcessInitializeOnLoadMethodAttributes (10ms)
				AfterProcessingInitializeOnLoad (5ms)
				EditorAssembliesLoaded (0ms)
			ExecutionOrderSort2 (0ms)
			AwakeInstancesAfterBackupRestoration (7ms)
Platform modules already initialized, skipping
Refreshing native plugins compatible for Editor in 0.61 ms, found 3 plugins.
Preloading 0 native plugins for Editor in 0.00 ms.
Unloading 2200 Unused Serialized files (Serialized files now loaded: 0)
System memory in use before: 98.6 MB.
System memory in use after: 98.7 MB.

Unloading 17 unused Assets to reduce memory usage. Loaded Objects now: 2668.
Total: 3.134700 ms (FindLiveObjects: 0.244900 ms CreateObjectMapping: 0.052800 ms MarkObjects: 2.814700 ms  DeleteObjects: 0.021400 ms)

AssetImportParameters requested are different than current active one (requested -> active):
  custom:framework-win-MediaFoundation: 216162199b28c13a410421893ffa2e32 -> 
  custom:video-decoder-ogg-theora: a1e56fd34408186e4bbccfd4996cb3dc -> 
  custom:container-muxer-webm: aa71ff27fc2769a1b78a27578f13a17b -> 
  custom:container-demuxer-webm: 4f35f7cbe854078d1ac9338744f61a02 -> 
  custom:container-demuxer-ogg: 62fdf1f143b41e24485cea50d1cbac27 -> 
  custom:video-encoder-webm-vp8: eb34c28f22e8b96e1ab97ce403110664 -> 
  custom:video-decoder-webm-vp8: 9c59270c3fd7afecdb556c50c9e8de78 -> 
  custom:audio-decoder-ogg-vorbis: bf7c407c2cedff20999df2af8eb42d56 -> 
  custom:audio-encoder-webm-vorbis: bf7c407c2cedff20999df2af8eb42d56 -> 
========================================================================
Received Prepare
Refreshing native plugins compatible for Editor in 3.74 ms, found 3 plugins.
Preloading 0 native plugins for Editor in 0.00 ms.
Unloading 15 Unused Serialized files (Serialized files now loaded: 0)
System memory in use before: 55.5 MB.
System memory in use after: 55.6 MB.

Unloading 15 unused Assets to reduce memory usage. Loaded Objects now: 2668.
Total: 3.142400 ms (FindLiveObjects: 0.240700 ms CreateObjectMapping: 0.050800 ms MarkObjects: 2.839700 ms  DeleteObjects: 0.010500 ms)

AssetImportParameters requested are different than current active one (requested -> active):
  custom:framework-win-MediaFoundation: 216162199b28c13a410421893ffa2e32 -> 
  custom:video-decoder-ogg-theora: a1e56fd34408186e4bbccfd4996cb3dc -> 
  custom:container-muxer-webm: aa71ff27fc2769a1b78a27578f13a17b -> 
  custom:container-demuxer-webm: 4f35f7cbe854078d1ac9338744f61a02 -> 
  custom:container-demuxer-ogg: 62fdf1f143b41e24485cea50d1cbac27 -> 
  custom:video-encoder-webm-vp8: eb34c28f22e8b96e1ab97ce403110664 -> 
  custom:video-decoder-webm-vp8: 9c59270c3fd7afecdb556c50c9e8de78 -> 
  custom:audio-decoder-ogg-vorbis: bf7c407c2cedff20999df2af8eb42d56 -> 
  custom:audio-encoder-webm-vorbis: bf7c407c2cedff20999df2af8eb42d56 -> 
========================================================================
Received Prepare
Registering precompiled user dll's ...
Registered in 0.004161 seconds.
Begin MonoManager ReloadAssembly
Native extension for WindowsStandalone target not found
Refreshing native plugins compatible for Editor in 0.61 ms, found 3 plugins.
Preloading 0 native plugins for Editor in 0.00 ms.
Mono: successfully reloaded assembly
- Completed reload, in  0.823 seconds
Domain Reload Profiling:
	ReloadAssembly (823ms)
		BeginReloadAssembly (89ms)
			ExecutionOrderSort (0ms)
			DisableScriptedObjects (5ms)
			BackupInstance (0ms)
			ReleaseScriptingObjects (0ms)
			CreateAndSetChildDomain (29ms)
		EndReloadAssembly (681ms)
			LoadAssemblies (73ms)
			RebuildTransferFunctionScriptingTraits (0ms)
			SetupTypeCache (241ms)
			ReleaseScriptCaches (1ms)
			RebuildScriptCaches (37ms)
			SetupLoadedEditorAssemblies (241ms)
				LogAssemblyErrors (0ms)
				InitializePlatformSupportModulesInManaged (4ms)
				SetLoadedEditorAssemblies (0ms)
				RefreshPlugins (1ms)
				BeforeProcessingInitializeOnLoad (68ms)
				ProcessInitializeOnLoadAttributes (155ms)
				ProcessInitializeOnLoadMethodAttributes (9ms)
				AfterProcessingInitializeOnLoad (5ms)
				EditorAssembliesLoaded (0ms)
			ExecutionOrderSort2 (0ms)
			AwakeInstancesAfterBackupRestoration (7ms)
Platform modules already initialized, skipping
Refreshing native plugins compatible for Editor in 0.54 ms, found 3 plugins.
Preloading 0 native plugins for Editor in 0.00 ms.
Unloading 2200 Unused Serialized files (Serialized files now loaded: 0)
System memory in use before: 98.6 MB.
System memory in use after: 98.8 MB.

Unloading 17 unused Assets to reduce memory usage. Loaded Objects now: 2670.
Total: 3.246800 ms (FindLiveObjects: 0.223400 ms CreateObjectMapping: 0.052500 ms MarkObjects: 2.951500 ms  DeleteObjects: 0.018400 ms)

AssetImportParameters requested are different than current active one (requested -> active):
  custom:framework-win-MediaFoundation: 216162199b28c13a410421893ffa2e32 -> 
  custom:video-decoder-ogg-theora: a1e56fd34408186e4bbccfd4996cb3dc -> 
  custom:container-muxer-webm: aa71ff27fc2769a1b78a27578f13a17b -> 
  custom:container-demuxer-webm: 4f35f7cbe854078d1ac9338744f61a02 -> 
  custom:container-demuxer-ogg: 62fdf1f143b41e24485cea50d1cbac27 -> 
  custom:video-encoder-webm-vp8: eb34c28f22e8b96e1ab97ce403110664 -> 
  custom:video-decoder-webm-vp8: 9c59270c3fd7afecdb556c50c9e8de78 -> 
  custom:audio-decoder-ogg-vorbis: bf7c407c2cedff20999df2af8eb42d56 -> 
  custom:audio-encoder-webm-vorbis: bf7c407c2cedff20999df2af8eb42d56 -> 
========================================================================
Received Prepare
Registering precompiled user dll's ...
Registered in 0.005423 seconds.
Begin MonoManager ReloadAssembly
Native extension for WindowsStandalone target not found
Refreshing native plugins compatible for Editor in 0.62 ms, found 3 plugins.
Preloading 0 native plugins for Editor in 0.00 ms.
Mono: successfully reloaded assembly
- Completed reload, in  0.860 seconds
Domain Reload Profiling:
	ReloadAssembly (861ms)
		BeginReloadAssembly (93ms)
			ExecutionOrderSort (0ms)
			DisableScriptedObjects (5ms)
			BackupInstance (0ms)
			ReleaseScriptingObjects (0ms)
			CreateAndSetChildDomain (32ms)
		EndReloadAssembly (712ms)
			LoadAssemblies (75ms)
			RebuildTransferFunctionScriptingTraits (0ms)
			SetupTypeCache (258ms)
			ReleaseScriptCaches (1ms)
			RebuildScriptCaches (37ms)
			SetupLoadedEditorAssemblies (252ms)
				LogAssemblyErrors (0ms)
				InitializePlatformSupportModulesInManaged (4ms)
				SetLoadedEditorAssemblies (0ms)
				RefreshPlugins (1ms)
				BeforeProcessingInitializeOnLoad (72ms)
				ProcessInitializeOnLoadAttributes (160ms)
				ProcessInitializeOnLoadMethodAttributes (9ms)
				AfterProcessingInitializeOnLoad (5ms)
				EditorAssembliesLoaded (0ms)
			ExecutionOrderSort2 (0ms)
			AwakeInstancesAfterBackupRestoration (7ms)
Platform modules already initialized, skipping
Refreshing native plugins compatible for Editor in 0.77 ms, found 3 plugins.
Preloading 0 native plugins for Editor in 0.00 ms.
Unloading 2200 Unused Serialized files (Serialized files now loaded: 0)
System memory in use before: 98.6 MB.
System memory in use after: 98.8 MB.

Unloading 17 unused Assets to reduce memory usage. Loaded Objects now: 2672.
Total: 3.253300 ms (FindLiveObjects: 0.265500 ms CreateObjectMapping: 0.052800 ms MarkObjects: 2.916000 ms  DeleteObjects: 0.017700 ms)

AssetImportParameters requested are different than current active one (requested -> active):
  custom:framework-win-MediaFoundation: 216162199b28c13a410421893ffa2e32 -> 
  custom:video-decoder-ogg-theora: a1e56fd34408186e4bbccfd4996cb3dc -> 
  custom:container-muxer-webm: aa71ff27fc2769a1b78a27578f13a17b -> 
  custom:container-demuxer-webm: 4f35f7cbe854078d1ac9338744f61a02 -> 
  custom:container-demuxer-ogg: 62fdf1f143b41e24485cea50d1cbac27 -> 
  custom:video-encoder-webm-vp8: eb34c28f22e8b96e1ab97ce403110664 -> 
  custom:video-decoder-webm-vp8: 9c59270c3fd7afecdb556c50c9e8de78 -> 
  custom:audio-decoder-ogg-vorbis: bf7c407c2cedff20999df2af8eb42d56 -> 
  custom:audio-encoder-webm-vorbis: bf7c407c2cedff20999df2af8eb42d56 -> 
========================================================================
Received Prepare
Registering precompiled user dll's ...
Registered in 0.003552 seconds.
Begin MonoManager ReloadAssembly
Native extension for WindowsStandalone target not found
Refreshing native plugins compatible for Editor in 0.60 ms, found 3 plugins.
Preloading 0 native plugins for Editor in 0.00 ms.
Mono: successfully reloaded assembly
- Completed reload, in  0.856 seconds
Domain Reload Profiling:
	ReloadAssembly (856ms)
		BeginReloadAssembly (94ms)
			ExecutionOrderSort (0ms)
			DisableScriptedObjects (5ms)
			BackupInstance (0ms)
			ReleaseScriptingObjects (0ms)
			CreateAndSetChildDomain (30ms)
		EndReloadAssembly (707ms)
			LoadAssemblies (74ms)
			RebuildTransferFunctionScriptingTraits (0ms)
			SetupTypeCache (245ms)
			ReleaseScriptCaches (1ms)
			RebuildScriptCaches (37ms)
			SetupLoadedEditorAssemblies (253ms)
				LogAssemblyErrors (0ms)
				InitializePlatformSupportModulesInManaged (4ms)
				SetLoadedEditorAssemblies (0ms)
				RefreshPlugins (1ms)
				BeforeProcessingInitializeOnLoad (71ms)
				ProcessInitializeOnLoadAttributes (163ms)
				ProcessInitializeOnLoadMethodAttributes (9ms)
				AfterProcessingInitializeOnLoad (5ms)
				EditorAssembliesLoaded (0ms)
			ExecutionOrderSort2 (0ms)
			AwakeInstancesAfterBackupRestoration (7ms)
Platform modules already initialized, skipping
Refreshing native plugins compatible for Editor in 0.59 ms, found 3 plugins.
Preloading 0 native plugins for Editor in 0.00 ms.
Unloading 2200 Unused Serialized files (Serialized files now loaded: 0)
System memory in use before: 98.6 MB.
System memory in use after: 98.8 MB.

Unloading 17 unused Assets to reduce memory usage. Loaded Objects now: 2674.
Total: 3.294800 ms (FindLiveObjects: 0.284000 ms CreateObjectMapping: 0.062300 ms MarkObjects: 2.928100 ms  DeleteObjects: 0.019200 ms)

AssetImportParameters requested are different than current active one (requested -> active):
  custom:framework-win-MediaFoundation: 216162199b28c13a410421893ffa2e32 -> 
  custom:video-decoder-ogg-theora: a1e56fd34408186e4bbccfd4996cb3dc -> 
  custom:container-muxer-webm: aa71ff27fc2769a1b78a27578f13a17b -> 
  custom:container-demuxer-webm: 4f35f7cbe854078d1ac9338744f61a02 -> 
  custom:container-demuxer-ogg: 62fdf1f143b41e24485cea50d1cbac27 -> 
  custom:video-encoder-webm-vp8: eb34c28f22e8b96e1ab97ce403110664 -> 
  custom:video-decoder-webm-vp8: 9c59270c3fd7afecdb556c50c9e8de78 -> 
  custom:audio-decoder-ogg-vorbis: bf7c407c2cedff20999df2af8eb42d56 -> 
  custom:audio-encoder-webm-vorbis: bf7c407c2cedff20999df2af8eb42d56 -> 
========================================================================
Received Prepare
Registering precompiled user dll's ...
Registered in 0.004047 seconds.
Begin MonoManager ReloadAssembly
Native extension for WindowsStandalone target not found
Refreshing native plugins compatible for Editor in 0.61 ms, found 3 plugins.
Preloading 0 native plugins for Editor in 0.00 ms.
Mono: successfully reloaded assembly
- Completed reload, in  0.862 seconds
Domain Reload Profiling:
	ReloadAssembly (863ms)
		BeginReloadAssembly (94ms)
			ExecutionOrderSort (0ms)
			DisableScriptedObjects (5ms)
			BackupInstance (0ms)
			ReleaseScriptingObjects (0ms)
			CreateAndSetChildDomain (32ms)
		EndReloadAssembly (704ms)
			LoadAssemblies (73ms)
			RebuildTransferFunctionScriptingTraits (0ms)
			SetupTypeCache (247ms)
			ReleaseScriptCaches (1ms)
			RebuildScriptCaches (38ms)
			SetupLoadedEditorAssemblies (254ms)
				LogAssemblyErrors (0ms)
				InitializePlatformSupportModulesInManaged (4ms)
				SetLoadedEditorAssemblies (0ms)
				RefreshPlugins (1ms)
				BeforeProcessingInitializeOnLoad (69ms)
				ProcessInitializeOnLoadAttributes (165ms)
				ProcessInitializeOnLoadMethodAttributes (10ms)
				AfterProcessingInitializeOnLoad (5ms)
				EditorAssembliesLoaded (0ms)
			ExecutionOrderSort2 (0ms)
			AwakeInstancesAfterBackupRestoration (7ms)
Platform modules already initialized, skipping
Refreshing native plugins compatible for Editor in 0.62 ms, found 3 plugins.
Preloading 0 native plugins for Editor in 0.00 ms.
Unloading 2200 Unused Serialized files (Serialized files now loaded: 0)
System memory in use before: 98.7 MB.
System memory in use after: 98.8 MB.

Unloading 17 unused Assets to reduce memory usage. Loaded Objects now: 2676.
Total: 3.186600 ms (FindLiveObjects: 0.261100 ms CreateObjectMapping: 0.056900 ms MarkObjects: 2.848900 ms  DeleteObjects: 0.018800 ms)

AssetImportParameters requested are different than current active one (requested -> active):
  custom:framework-win-MediaFoundation: 216162199b28c13a410421893ffa2e32 -> 
  custom:video-decoder-ogg-theora: a1e56fd34408186e4bbccfd4996cb3dc -> 
  custom:container-muxer-webm: aa71ff27fc2769a1b78a27578f13a17b -> 
  custom:container-demuxer-webm: 4f35f7cbe854078d1ac9338744f61a02 -> 
  custom:container-demuxer-ogg: 62fdf1f143b41e24485cea50d1cbac27 -> 
  custom:video-encoder-webm-vp8: eb34c28f22e8b96e1ab97ce403110664 -> 
  custom:video-decoder-webm-vp8: 9c59270c3fd7afecdb556c50c9e8de78 -> 
  custom:audio-decoder-ogg-vorbis: bf7c407c2cedff20999df2af8eb42d56 -> 
  custom:audio-encoder-webm-vorbis: bf7c407c2cedff20999df2af8eb42d56 -> 
========================================================================
Received Prepare
Registering precompiled user dll's ...
Registered in 0.003701 seconds.
Begin MonoManager ReloadAssembly
Native extension for WindowsStandalone target not found
Refreshing native plugins compatible for Editor in 0.63 ms, found 3 plugins.
Preloading 0 native plugins for Editor in 0.00 ms.
Mono: successfully reloaded assembly
- Completed reload, in  0.857 seconds
Domain Reload Profiling:
	ReloadAssembly (858ms)
		BeginReloadAssembly (97ms)
			ExecutionOrderSort (0ms)
			DisableScriptedObjects (6ms)
			BackupInstance (0ms)
			ReleaseScriptingObjects (0ms)
			CreateAndSetChildDomain (34ms)
		EndReloadAssembly (703ms)
			LoadAssemblies (75ms)
			RebuildTransferFunctionScriptingTraits (0ms)
			SetupTypeCache (248ms)
			ReleaseScriptCaches (1ms)
			RebuildScriptCaches (38ms)
			SetupLoadedEditorAssemblies (252ms)
				LogAssemblyErrors (0ms)
				InitializePlatformSupportModulesInManaged (4ms)
				SetLoadedEditorAssemblies (0ms)
				RefreshPlugins (1ms)
				BeforeProcessingInitializeOnLoad (69ms)
				ProcessInitializeOnLoadAttributes (163ms)
				ProcessInitializeOnLoadMethodAttributes (10ms)
				AfterProcessingInitializeOnLoad (5ms)
				EditorAssembliesLoaded (0ms)
			ExecutionOrderSort2 (0ms)
			AwakeInstancesAfterBackupRestoration (8ms)
Platform modules already initialized, skipping
Refreshing native plugins compatible for Editor in 0.62 ms, found 3 plugins.
Preloading 0 native plugins for Editor in 0.00 ms.
Unloading 2200 Unused Serialized files (Serialized files now loaded: 0)
System memory in use before: 98.7 MB.
System memory in use after: 98.8 MB.

Unloading 17 unused Assets to reduce memory usage. Loaded Objects now: 2678.
Total: 3.140500 ms (FindLiveObjects: 0.271000 ms CreateObjectMapping: 0.052300 ms MarkObjects: 2.797800 ms  DeleteObjects: 0.017800 ms)

AssetImportParameters requested are different than current active one (requested -> active):
  custom:framework-win-MediaFoundation: 216162199b28c13a410421893ffa2e32 -> 
  custom:video-decoder-ogg-theora: a1e56fd34408186e4bbccfd4996cb3dc -> 
  custom:container-muxer-webm: aa71ff27fc2769a1b78a27578f13a17b -> 
  custom:container-demuxer-webm: 4f35f7cbe854078d1ac9338744f61a02 -> 
  custom:container-demuxer-ogg: 62fdf1f143b41e24485cea50d1cbac27 -> 
  custom:video-encoder-webm-vp8: eb34c28f22e8b96e1ab97ce403110664 -> 
  custom:video-decoder-webm-vp8: 9c59270c3fd7afecdb556c50c9e8de78 -> 
  custom:audio-decoder-ogg-vorbis: bf7c407c2cedff20999df2af8eb42d56 -> 
  custom:audio-encoder-webm-vorbis: bf7c407c2cedff20999df2af8eb42d56 -> 
========================================================================
Received Prepare
Refreshing native plugins compatible for Editor in 3.76 ms, found 3 plugins.
Preloading 0 native plugins for Editor in 0.00 ms.
Unloading 15 Unused Serialized files (Serialized files now loaded: 0)
System memory in use before: 55.5 MB.
System memory in use after: 55.6 MB.

Unloading 15 unused Assets to reduce memory usage. Loaded Objects now: 2678.
Total: 3.468800 ms (FindLiveObjects: 0.242700 ms CreateObjectMapping: 0.051500 ms MarkObjects: 3.154800 ms  DeleteObjects: 0.018300 ms)

AssetImportParameters requested are different than current active one (requested -> active):
  custom:framework-win-MediaFoundation: 216162199b28c13a410421893ffa2e32 -> 
  custom:video-decoder-ogg-theora: a1e56fd34408186e4bbccfd4996cb3dc -> 
  custom:container-muxer-webm: aa71ff27fc2769a1b78a27578f13a17b -> 
  custom:container-demuxer-webm: 4f35f7cbe854078d1ac9338744f61a02 -> 
  custom:container-demuxer-ogg: 62fdf1f143b41e24485cea50d1cbac27 -> 
  custom:video-encoder-webm-vp8: eb34c28f22e8b96e1ab97ce403110664 -> 
  custom:video-decoder-webm-vp8: 9c59270c3fd7afecdb556c50c9e8de78 -> 
  custom:audio-decoder-ogg-vorbis: bf7c407c2cedff20999df2af8eb42d56 -> 
  custom:audio-encoder-webm-vorbis: bf7c407c2cedff20999df2af8eb42d56 -> 
========================================================================
Received Prepare
Registering precompiled user dll's ...
Registered in 0.003589 seconds.
Begin MonoManager ReloadAssembly
Native extension for WindowsStandalone target not found
Refreshing native plugins compatible for Editor in 0.60 ms, found 3 plugins.
Preloading 0 native plugins for Editor in 0.00 ms.
Mono: successfully reloaded assembly
- Completed reload, in  0.802 seconds
Domain Reload Profiling:
	ReloadAssembly (803ms)
		BeginReloadAssembly (87ms)
			ExecutionOrderSort (0ms)
			DisableScriptedObjects (5ms)
			BackupInstance (0ms)
			ReleaseScriptingObjects (0ms)
			CreateAndSetChildDomain (29ms)
		EndReloadAssembly (663ms)
			LoadAssemblies (70ms)
			RebuildTransferFunctionScriptingTraits (0ms)
			SetupTypeCache (235ms)
			ReleaseScriptCaches (1ms)
			RebuildScriptCaches (35ms)
			SetupLoadedEditorAssemblies (236ms)
				LogAssemblyErrors (0ms)
				InitializePlatformSupportModulesInManaged (3ms)
				SetLoadedEditorAssemblies (0ms)
				RefreshPlugins (1ms)
				BeforeProcessingInitializeOnLoad (66ms)
				ProcessInitializeOnLoadAttributes (152ms)
				ProcessInitializeOnLoadMethodAttributes (9ms)
				AfterProcessingInitializeOnLoad (5ms)
				EditorAssembliesLoaded (0ms)
			ExecutionOrderSort2 (0ms)
			AwakeInstancesAfterBackupRestoration (7ms)
Platform modules already initialized, skipping
Refreshing native plugins compatible for Editor in 0.50 ms, found 3 plugins.
Preloading 0 native plugins for Editor in 0.00 ms.
Unloading 2200 Unused Serialized files (Serialized files now loaded: 0)
System memory in use before: 98.7 MB.
System memory in use after: 98.8 MB.

Unloading 17 unused Assets to reduce memory usage. Loaded Objects now: 2680.
Total: 2.986900 ms (FindLiveObjects: 0.223800 ms CreateObjectMapping: 0.056600 ms MarkObjects: 2.690900 ms  DeleteObjects: 0.014400 ms)

AssetImportParameters requested are different than current active one (requested -> active):
  custom:framework-win-MediaFoundation: 216162199b28c13a410421893ffa2e32 -> 
  custom:video-decoder-ogg-theora: a1e56fd34408186e4bbccfd4996cb3dc -> 
  custom:container-muxer-webm: aa71ff27fc2769a1b78a27578f13a17b -> 
  custom:container-demuxer-webm: 4f35f7cbe854078d1ac9338744f61a02 -> 
  custom:container-demuxer-ogg: 62fdf1f143b41e24485cea50d1cbac27 -> 
  custom:video-encoder-webm-vp8: eb34c28f22e8b96e1ab97ce403110664 -> 
  custom:video-decoder-webm-vp8: 9c59270c3fd7afecdb556c50c9e8de78 -> 
  custom:audio-decoder-ogg-vorbis: bf7c407c2cedff20999df2af8eb42d56 -> 
  custom:audio-encoder-webm-vorbis: bf7c407c2cedff20999df2af8eb42d56 -> 
========================================================================
Received Prepare
Refreshing native plugins compatible for Editor in 3.65 ms, found 3 plugins.
Preloading 0 native plugins for Editor in 0.00 ms.
Unloading 15 Unused Serialized files (Serialized files now loaded: 0)
System memory in use before: 55.5 MB.
System memory in use after: 55.6 MB.

Unloading 15 unused Assets to reduce memory usage. Loaded Objects now: 2680.
Total: 3.117200 ms (FindLiveObjects: 0.265400 ms CreateObjectMapping: 0.054300 ms MarkObjects: 2.782500 ms  DeleteObjects: 0.013800 ms)

AssetImportParameters requested are different than current active one (requested -> active):
  custom:framework-win-MediaFoundation: 216162199b28c13a410421893ffa2e32 -> 
  custom:video-decoder-ogg-theora: a1e56fd34408186e4bbccfd4996cb3dc -> 
  custom:container-muxer-webm: aa71ff27fc2769a1b78a27578f13a17b -> 
  custom:container-demuxer-webm: 4f35f7cbe854078d1ac9338744f61a02 -> 
  custom:container-demuxer-ogg: 62fdf1f143b41e24485cea50d1cbac27 -> 
  custom:video-encoder-webm-vp8: eb34c28f22e8b96e1ab97ce403110664 -> 
  custom:video-decoder-webm-vp8: 9c59270c3fd7afecdb556c50c9e8de78 -> 
  custom:audio-decoder-ogg-vorbis: bf7c407c2cedff20999df2af8eb42d56 -> 
  custom:audio-encoder-webm-vorbis: bf7c407c2cedff20999df2af8eb42d56 -> 
========================================================================
Received Prepare
Registering precompiled user dll's ...
Registered in 0.003985 seconds.
Begin MonoManager ReloadAssembly
Native extension for WindowsStandalone target not found
Refreshing native plugins compatible for Editor in 0.63 ms, found 3 plugins.
Preloading 0 native plugins for Editor in 0.00 ms.
Mono: successfully reloaded assembly
- Completed reload, in  0.942 seconds
Domain Reload Profiling:
	ReloadAssembly (943ms)
		BeginReloadAssembly (105ms)
			ExecutionOrderSort (0ms)
			DisableScriptedObjects (6ms)
			BackupInstance (0ms)
			ReleaseScriptingObjects (0ms)
			CreateAndSetChildDomain (35ms)
		EndReloadAssembly (775ms)
			LoadAssemblies (84ms)
			RebuildTransferFunctionScriptingTraits (0ms)
			SetupTypeCache (273ms)
			ReleaseScriptCaches (1ms)
			RebuildScriptCaches (41ms)
			SetupLoadedEditorAssemblies (281ms)
				LogAssemblyErrors (0ms)
				InitializePlatformSupportModulesInManaged (4ms)
				SetLoadedEditorAssemblies (0ms)
				RefreshPlugins (1ms)
				BeforeProcessingInitializeOnLoad (76ms)
				ProcessInitializeOnLoadAttributes (183ms)
				ProcessInitializeOnLoadMethodAttributes (12ms)
				AfterProcessingInitializeOnLoad (5ms)
				EditorAssembliesLoaded (0ms)
			ExecutionOrderSort2 (0ms)
			AwakeInstancesAfterBackupRestoration (9ms)
Platform modules already initialized, skipping
Refreshing native plugins compatible for Editor in 0.62 ms, found 3 plugins.
Preloading 0 native plugins for Editor in 0.00 ms.
Unloading 2200 Unused Serialized files (Serialized files now loaded: 0)
System memory in use before: 98.7 MB.
System memory in use after: 98.8 MB.

Unloading 17 unused Assets to reduce memory usage. Loaded Objects now: 2682.
Total: 3.573000 ms (FindLiveObjects: 0.275700 ms CreateObjectMapping: 0.052700 ms MarkObjects: 3.223600 ms  DeleteObjects: 0.019700 ms)

AssetImportParameters requested are different than current active one (requested -> active):
  custom:framework-win-MediaFoundation: 216162199b28c13a410421893ffa2e32 -> 
  custom:video-decoder-ogg-theora: a1e56fd34408186e4bbccfd4996cb3dc -> 
  custom:container-muxer-webm: aa71ff27fc2769a1b78a27578f13a17b -> 
  custom:container-demuxer-webm: 4f35f7cbe854078d1ac9338744f61a02 -> 
  custom:container-demuxer-ogg: 62fdf1f143b41e24485cea50d1cbac27 -> 
  custom:video-encoder-webm-vp8: eb34c28f22e8b96e1ab97ce403110664 -> 
  custom:video-decoder-webm-vp8: 9c59270c3fd7afecdb556c50c9e8de78 -> 
  custom:audio-decoder-ogg-vorbis: bf7c407c2cedff20999df2af8eb42d56 -> 
  custom:audio-encoder-webm-vorbis: bf7c407c2cedff20999df2af8eb42d56 -> 
========================================================================
Received Import Request.
  Time since last request: 16067.906785 seconds.
  path: Assets/Samples/2D Animation/5.0.9/Samples/5 SpriteSwap/Sprites/dialog.psb
  artifactKey: Guid(2869d9a7120464944b12b645d39dae7c) Importer(815301076,1909f56bfc062723c751e8b465ee728b)
Start importing Assets/Samples/2D Animation/5.0.9/Samples/5 SpriteSwap/Sprites/dialog.psb using Guid(2869d9a7120464944b12b645d39dae7c) Importer(815301076,1909f56bfc062723c751e8b465ee728b)  -> (artifact id: 'c01157bf2f9218a863476225fb324073') in 0.418085 seconds 
  Import took 0.422831 seconds .

========================================================================
Received Import Request.
  Time since last request: 0.000218 seconds.
  path: Assets/Samples/2D Animation/5.0.9/Samples/Extras/Attachment Points/Sprites/Fei.psb
  artifactKey: Guid(11f8561e37dc241a2a5e29f925d39c10) Importer(815301076,1909f56bfc062723c751e8b465ee728b)
Start importing Assets/Samples/2D Animation/5.0.9/Samples/Extras/Attachment Points/Sprites/Fei.psb using Guid(11f8561e37dc241a2a5e29f925d39c10) Importer(815301076,1909f56bfc062723c751e8b465ee728b)  -> (artifact id: '302118dbb6291d7765e2e338fbb4ee1d') in 0.117194 seconds 
  Import took 0.120917 seconds .

========================================================================
Received Import Request.
  Time since last request: 0.000180 seconds.
  path: Assets/Samples/2D Animation/5.0.9/Samples/4 Character/Sprites/Fei.psb
  artifactKey: Guid(629172793891c4bfea23e66eddf0a88b) Importer(815301076,1909f56bfc062723c751e8b465ee728b)
Start importing Assets/Samples/2D Animation/5.0.9/Samples/4 Character/Sprites/Fei.psb using Guid(629172793891c4bfea23e66eddf0a88b) Importer(815301076,1909f56bfc062723c751e8b465ee728b)  -> (artifact id: '7b4a6343492d95fa3194eaeb85fabdfe') in 0.104236 seconds 
  Import took 0.107906 seconds .

========================================================================
Received Import Request.
  Time since last request: 3.286922 seconds.
  path: Assets/Sprites/Dragon/attack_red0001.png
  artifactKey: Guid(bfdf18933614162489915b38e10b62c0) Importer(815301076,1909f56bfc062723c751e8b465ee728b)
Start importing Assets/Sprites/Dragon/attack_red0001.png using Guid(bfdf18933614162489915b38e10b62c0) Importer(815301076,1909f56bfc062723c751e8b465ee728b)  -> (artifact id: '5b9133ee809caacede2943af1b7469e1') in 0.030973 seconds 
  Import took 0.034853 seconds .

========================================================================
Received Import Request.
  Time since last request: 0.000195 seconds.
  path: Assets/Sprites/Dragon/attack_red0002.png
  artifactKey: Guid(99aeb8eaa8a18554b982354edc00bfff) Importer(815301076,1909f56bfc062723c751e8b465ee728b)
Start importing Assets/Sprites/Dragon/attack_red0002.png using Guid(99aeb8eaa8a18554b982354edc00bfff) Importer(815301076,1909f56bfc062723c751e8b465ee728b)  -> (artifact id: '25b4f937f554b0bbde0092af1e7da3a4') in 0.028741 seconds 
  Import took 0.031987 seconds .

========================================================================
Received Import Request.
  Time since last request: 0.027101 seconds.
  path: Assets/Sprites/Dragon/attack_red0003.png
  artifactKey: Guid(ad3a6f0d03b3b734c9d2e766583d7a6e) Importer(815301076,1909f56bfc062723c751e8b465ee728b)
Start importing Assets/Sprites/Dragon/attack_red0003.png using Guid(ad3a6f0d03b3b734c9d2e766583d7a6e) Importer(815301076,1909f56bfc062723c751e8b465ee728b)  -> (artifact id: '9e09f7fe956d8018c5ecbb29e4ef3b3a') in 0.030806 seconds 
  Import took 0.034564 seconds .

========================================================================
Received Import Request.
  Time since last request: 0.000176 seconds.
  path: Assets/Sprites/Dragon/attack_red0004.png
  artifactKey: Guid(1484fb280053ec94f831c0fddafc719d) Importer(815301076,1909f56bfc062723c751e8b465ee728b)
Start importing Assets/Sprites/Dragon/attack_red0004.png using Guid(1484fb280053ec94f831c0fddafc719d) Importer(815301076,1909f56bfc062723c751e8b465ee728b)  -> (artifact id: '968c9907aa22ed36103b4a12c88f05d4') in 0.025865 seconds 
  Import took 0.029335 seconds .

========================================================================
Received Import Request.
  Time since last request: 0.711294 seconds.
  path: Assets/Sprites/Dragon/attack_red0005.png
  artifactKey: Guid(dc0a37156e6701446ab8546a9d1b0442) Importer(815301076,1909f56bfc062723c751e8b465ee728b)
Start importing Assets/Sprites/Dragon/attack_red0005.png using Guid(dc0a37156e6701446ab8546a9d1b0442) Importer(815301076,1909f56bfc062723c751e8b465ee728b)  -> (artifact id: '8297e160e4e917e23f63877b2c0bfbfb') in 0.028343 seconds 
  Import took 0.032096 seconds .

========================================================================
Received Import Request.
  Time since last request: 0.000190 seconds.
  path: Assets/Sprites/Dragon/attack_red0006.png
  artifactKey: Guid(ff32d3ecbcb056244bb7fd4710c5877a) Importer(815301076,1909f56bfc062723c751e8b465ee728b)
Start importing Assets/Sprites/Dragon/attack_red0006.png using Guid(ff32d3ecbcb056244bb7fd4710c5877a) Importer(815301076,1909f56bfc062723c751e8b465ee728b)  -> (artifact id: '7de813afeb0cb80e929b0498e966cb29') in 0.024131 seconds 
  Import took 0.027505 seconds .

========================================================================
Received Import Request.
  Time since last request: 0.428300 seconds.
  path: Assets/Sprites/Dragon/attack_red0007.png
  artifactKey: Guid(e5a06969949c8364494c0c45132773da) Importer(815301076,1909f56bfc062723c751e8b465ee728b)
Start importing Assets/Sprites/Dragon/attack_red0007.png using Guid(e5a06969949c8364494c0c45132773da) Importer(815301076,1909f56bfc062723c751e8b465ee728b)  -> (artifact id: 'fbb211daabfa8fbfde32711245efc8cc') in 0.025675 seconds 
  Import took 0.029826 seconds .

========================================================================
Received Import Request.
  Time since last request: 0.000185 seconds.
  path: Assets/Sprites/Dragon/attack_red0008.png
  artifactKey: Guid(5249a5c6b08dbf2459982e6519f01739) Importer(815301076,1909f56bfc062723c751e8b465ee728b)
Start importing Assets/Sprites/Dragon/attack_red0008.png using Guid(5249a5c6b08dbf2459982e6519f01739) Importer(815301076,1909f56bfc062723c751e8b465ee728b)  -> (artifact id: '28852049dec960b68a8e1fbc6ca88fe0') in 0.026270 seconds 
  Import took 0.029405 seconds .

========================================================================
Received Import Request.
  Time since last request: 0.000202 seconds.
  path: Assets/Sprites/Dragon/attack_red0009.png
  artifactKey: Guid(0c2b52c49370d9249ac7ec94020c580c) Importer(815301076,1909f56bfc062723c751e8b465ee728b)
Start importing Assets/Sprites/Dragon/attack_red0009.png using Guid(0c2b52c49370d9249ac7ec94020c580c) Importer(815301076,1909f56bfc062723c751e8b465ee728b)  -> (artifact id: 'c0b309e614e91045d35d507ced75ba5d') in 0.026473 seconds 
  Import took 0.029646 seconds .

========================================================================
Received Import Request.
  Time since last request: 0.000213 seconds.
  path: Assets/Sprites/Dragon/attack_red0010.png
  artifactKey: Guid(e45ba1327365c8c46968c03072117d0d) Importer(815301076,1909f56bfc062723c751e8b465ee728b)
Start importing Assets/Sprites/Dragon/attack_red0010.png using Guid(e45ba1327365c8c46968c03072117d0d) Importer(815301076,1909f56bfc062723c751e8b465ee728b)  -> (artifact id: '642b69a4236dcf5b2ae45ad4a402b5b9') in 0.027971 seconds 
  Import took 0.031295 seconds .

========================================================================
Received Import Request.
  Time since last request: 0.000176 seconds.
  path: Assets/Sprites/Dragon/attack_red0011.png
  artifactKey: Guid(0592dd5cc31a5994da3787bfb7b9ea21) Importer(815301076,1909f56bfc062723c751e8b465ee728b)
Start importing Assets/Sprites/Dragon/attack_red0011.png using Guid(0592dd5cc31a5994da3787bfb7b9ea21) Importer(815301076,1909f56bfc062723c751e8b465ee728b)  -> (artifact id: '228eed62da07d4d0e8f2f81c7be17219') in 0.029395 seconds 
  Import took 0.032619 seconds .

========================================================================
Received Import Request.
  Time since last request: 0.000171 seconds.
  path: Assets/Sprites/Banknot/banknote.png
  artifactKey: Guid(935049c2243c2074c9de70e90ca28930) Importer(815301076,1909f56bfc062723c751e8b465ee728b)
Start importing Assets/Sprites/Banknot/banknote.png using Guid(935049c2243c2074c9de70e90ca28930) Importer(815301076,1909f56bfc062723c751e8b465ee728b)  -> (artifact id: 'be82a00b3127e0ea4182dc7429aed60d') in 0.023667 seconds 
  Import took 0.027238 seconds .

========================================================================
Received Import Request.
  Time since last request: 1.514381 seconds.
  path: Assets/Sprites/Dragon/body_red0001.png
  artifactKey: Guid(929f26a2a0602c24eaf224463dd71e3e) Importer(815301076,1909f56bfc062723c751e8b465ee728b)
Start importing Assets/Sprites/Dragon/body_red0001.png using Guid(929f26a2a0602c24eaf224463dd71e3e) Importer(815301076,1909f56bfc062723c751e8b465ee728b)  -> (artifact id: '8fddfaf514e0f271fee3454f9a6ac7cd') in 0.030030 seconds 
  Import took 0.033902 seconds .

========================================================================
Received Import Request.
  Time since last request: 0.109870 seconds.
  path: Assets/Sprites/Dragon/body_red0002.png
  artifactKey: Guid(1e820e7afcd33634695a6bd7c81eb79f) Importer(815301076,1909f56bfc062723c751e8b465ee728b)
Start importing Assets/Sprites/Dragon/body_red0002.png using Guid(1e820e7afcd33634695a6bd7c81eb79f) Importer(815301076,1909f56bfc062723c751e8b465ee728b)  -> (artifact id: '13ee8141c2e66e9cca5a5eb531472f0c') in 0.027310 seconds 
  Import took 0.031176 seconds .

========================================================================
Received Import Request.
  Time since last request: 0.000208 seconds.
  path: Assets/Sprites/Dragon/body_red0003.png
  artifactKey: Guid(91b108a0f9fb58a41aafdb02cba4c746) Importer(815301076,1909f56bfc062723c751e8b465ee728b)
Start importing Assets/Sprites/Dragon/body_red0003.png using Guid(91b108a0f9fb58a41aafdb02cba4c746) Importer(815301076,1909f56bfc062723c751e8b465ee728b)  -> (artifact id: 'e4d77cb2f76e559219f61cac5a647e3f') in 0.028053 seconds 
  Import took 0.031365 seconds .

========================================================================
Received Import Request.
  Time since last request: 0.496764 seconds.
  path: Assets/Sprites/Dragon/body_red0004.png
  artifactKey: Guid(6bc19cc9b864903419f0f4b90dd8bc8d) Importer(815301076,1909f56bfc062723c751e8b465ee728b)
Start importing Assets/Sprites/Dragon/body_red0004.png using Guid(6bc19cc9b864903419f0f4b90dd8bc8d) Importer(815301076,1909f56bfc062723c751e8b465ee728b)  -> (artifact id: 'bfef17e2907205aa3f66bca7bd772342') in 0.025982 seconds 
  Import took 0.029883 seconds .

========================================================================
Received Import Request.
  Time since last request: 0.000204 seconds.
  path: Assets/Sprites/Dragon/body_red0005.png
  artifactKey: Guid(40359f13c85fc1843958fa1b4716a871) Importer(815301076,1909f56bfc062723c751e8b465ee728b)
Start importing Assets/Sprites/Dragon/body_red0005.png using Guid(40359f13c85fc1843958fa1b4716a871) Importer(815301076,1909f56bfc062723c751e8b465ee728b)  -> (artifact id: '45845586a6540b7503c0bb7659257963') in 0.026943 seconds 
  Import took 0.030232 seconds .

========================================================================
Received Import Request.
  Time since last request: 0.075617 seconds.
  path: Assets/Sprites/Dragon/body_red0006.png
  artifactKey: Guid(3be1f94de56c5fc49894d31a770db286) Importer(815301076,1909f56bfc062723c751e8b465ee728b)
Start importing Assets/Sprites/Dragon/body_red0006.png using Guid(3be1f94de56c5fc49894d31a770db286) Importer(815301076,1909f56bfc062723c751e8b465ee728b)  -> (artifact id: '94ca7059cf996ddaac44de0967dcc978') in 0.030868 seconds 
  Import took 0.034741 seconds .

========================================================================
Received Import Request.
  Time since last request: 0.000194 seconds.
  path: Assets/Sprites/Dragon/body_red0007.png
  artifactKey: Guid(f9393dcf4d211b149abf6094f62d79ca) Importer(815301076,1909f56bfc062723c751e8b465ee728b)
Start importing Assets/Sprites/Dragon/body_red0007.png using Guid(f9393dcf4d211b149abf6094f62d79ca) Importer(815301076,1909f56bfc062723c751e8b465ee728b)  -> (artifact id: '2d3011df3dea47ace1eead2790b86145') in 0.029744 seconds 
  Import took 0.033033 seconds .

========================================================================
Received Import Request.
  Time since last request: 0.013640 seconds.
  path: Assets/Sprites/Dragon/body_red0008.png
  artifactKey: Guid(2633c2b6bbdd3974fb593db42d5074fb) Importer(815301076,1909f56bfc062723c751e8b465ee728b)
Start importing Assets/Sprites/Dragon/body_red0008.png using Guid(2633c2b6bbdd3974fb593db42d5074fb) Importer(815301076,1909f56bfc062723c751e8b465ee728b)  -> (artifact id: '7d5f2456a6cfe4be439debbb1e852363') in 0.027389 seconds 
  Import took 0.030969 seconds .

========================================================================
Received Import Request.
  Time since last request: 0.000169 seconds.
  path: Assets/Sprites/Dragon/body_red0009.png
  artifactKey: Guid(390cd25948564bf4283da1f08ba38b3f) Importer(815301076,1909f56bfc062723c751e8b465ee728b)
Start importing Assets/Sprites/Dragon/body_red0009.png using Guid(390cd25948564bf4283da1f08ba38b3f) Importer(815301076,1909f56bfc062723c751e8b465ee728b)  -> (artifact id: 'bc557fe6f65db3d23daacff6dbf353ef') in 0.026515 seconds 
  Import took 0.029894 seconds .

========================================================================
Received Import Request.
  Time since last request: 0.369052 seconds.
  path: Assets/Samples/2D Animation/5.0.9/Samples/1 Simple/Sprites/Boris.png
  artifactKey: Guid(5258496a2625b4729b9f47415dcf6055) Importer(815301076,1909f56bfc062723c751e8b465ee728b)
Start importing Assets/Samples/2D Animation/5.0.9/Samples/1 Simple/Sprites/Boris.png using Guid(5258496a2625b4729b9f47415dcf6055) Importer(815301076,1909f56bfc062723c751e8b465ee728b)  -> (artifact id: '0c772f578f79922df36246e3759a95a4') in 0.027538 seconds 
  Import took 0.031556 seconds .

========================================================================
Received Import Request.
  Time since last request: 0.089308 seconds.
  path: Assets/Sprites/Crate/Crate_Broke_01.png
  artifactKey: Guid(0a5d03a611be9d84e9ddaf8a588c351e) Importer(815301076,1909f56bfc062723c751e8b465ee728b)
Start importing Assets/Sprites/Crate/Crate_Broke_01.png using Guid(0a5d03a611be9d84e9ddaf8a588c351e) Importer(815301076,1909f56bfc062723c751e8b465ee728b)  -> (artifact id: '639e3541464952150aef42e151aaf2bf') in 0.024846 seconds 
  Import took 0.028725 seconds .

========================================================================
Received Import Request.
  Time since last request: 0.000203 seconds.
  path: Assets/Sprites/Crate/Crate_Broke_02.png
  artifactKey: Guid(93ab756a477d3a64ebf9cb948dc793a8) Importer(815301076,1909f56bfc062723c751e8b465ee728b)
Start importing Assets/Sprites/Crate/Crate_Broke_02.png using Guid(93ab756a477d3a64ebf9cb948dc793a8) Importer(815301076,1909f56bfc062723c751e8b465ee728b)  -> (artifact id: '7d26fa4379df8327648b55694d278864') in 0.024728 seconds 
  Import took 0.028219 seconds .

========================================================================
Received Import Request.
  Time since last request: 0.382257 seconds.
  path: Assets/Sprites/Crate/Crate_Broke_03.png
  artifactKey: Guid(5eb341a059167fd4c8d8b23cc3284589) Importer(815301076,1909f56bfc062723c751e8b465ee728b)
Start importing Assets/Sprites/Crate/Crate_Broke_03.png using Guid(5eb341a059167fd4c8d8b23cc3284589) Importer(815301076,1909f56bfc062723c751e8b465ee728b)  -> (artifact id: 'd31cb5a54c8d13dc20c577ee68ecf340') in 0.026557 seconds 
  Import took 0.030454 seconds .

========================================================================
Received Import Request.
  Time since last request: 0.000189 seconds.
  path: Assets/Sprites/Crate/Crate_Part_02.png
  artifactKey: Guid(6fbcc9179337b6a4cb2f7050a45fb911) Importer(815301076,1909f56bfc062723c751e8b465ee728b)
Start importing Assets/Sprites/Crate/Crate_Part_02.png using Guid(6fbcc9179337b6a4cb2f7050a45fb911) Importer(815301076,1909f56bfc062723c751e8b465ee728b)  -> (artifact id: 'b9cdf347108dbac249ae27caf39256fe') in 0.019310 seconds 
  Import took 0.022586 seconds .

========================================================================
Received Import Request.
  Time since last request: 0.000189 seconds.
  path: Assets/Sprites/Crate/Crate_Part_03.png
  artifactKey: Guid(63be3a2c902764e4bbc0e17ca6a4eba2) Importer(815301076,1909f56bfc062723c751e8b465ee728b)
Start importing Assets/Sprites/Crate/Crate_Part_03.png using Guid(63be3a2c902764e4bbc0e17ca6a4eba2) Importer(815301076,1909f56bfc062723c751e8b465ee728b)  -> (artifact id: 'a427d98547448e3659843ef86bf4635f') in 0.022660 seconds 
  Import took 0.025820 seconds .

========================================================================
Received Import Request.
  Time since last request: 0.000205 seconds.
  path: Assets/Sprites/Crate/Crate_Part_01.png
  artifactKey: Guid(3721afac25ac7f745a652e307829e66d) Importer(815301076,1909f56bfc062723c751e8b465ee728b)
Start importing Assets/Sprites/Crate/Crate_Part_01.png using Guid(3721afac25ac7f745a652e307829e66d) Importer(815301076,1909f56bfc062723c751e8b465ee728b)  -> (artifact id: 'abdf126dc0fe91c55950fbdf6fba56f7') in 0.021025 seconds 
  Import took 0.024255 seconds .

========================================================================
Received Import Request.
  Time since last request: 0.000177 seconds.
  path: Assets/Sprites/Crate/Crate_Part_04.png
  artifactKey: Guid(3b7f813b4148e4a49b3359c92216fe1e) Importer(815301076,1909f56bfc062723c751e8b465ee728b)
Start importing Assets/Sprites/Crate/Crate_Part_04.png using Guid(3b7f813b4148e4a49b3359c92216fe1e) Importer(815301076,1909f56bfc062723c751e8b465ee728b)  -> (artifact id: '277001b42aae97db87da91dd6a03c11e') in 0.022253 seconds 
  Import took 0.025777 seconds .

========================================================================
Received Import Request.
  Time since last request: 0.000208 seconds.
  path: Assets/Sprites/Dragon/death_red0001.png
  artifactKey: Guid(6ede3ae86374e3e4badb763b1469f5ff) Importer(815301076,1909f56bfc062723c751e8b465ee728b)
Start importing Assets/Sprites/Dragon/death_red0001.png using Guid(6ede3ae86374e3e4badb763b1469f5ff) Importer(815301076,1909f56bfc062723c751e8b465ee728b)  -> (artifact id: '1ddbd1a861d3c8e2c6dce3d79843ebc7') in 0.034059 seconds 
  Import took 0.037398 seconds .

========================================================================
Received Import Request.
  Time since last request: 1.744999 seconds.
  path: Assets/Sprites/Dragon/death_red0002.png
  artifactKey: Guid(03ec08b7909857046bebf1c44ea16b00) Importer(815301076,1909f56bfc062723c751e8b465ee728b)
Start importing Assets/Sprites/Dragon/death_red0002.png using Guid(03ec08b7909857046bebf1c44ea16b00) Importer(815301076,1909f56bfc062723c751e8b465ee728b)  -> (artifact id: 'da52d0628b31b4aaea1ce087f42b80cd') in 0.033259 seconds 
  Import took 0.037163 seconds .

========================================================================
Received Import Request.
  Time since last request: 0.000192 seconds.
  path: Assets/Sprites/Dragon/death_red0003.png
  artifactKey: Guid(4dd8a9c9d6492304a9e8e222940c0390) Importer(815301076,1909f56bfc062723c751e8b465ee728b)
Start importing Assets/Sprites/Dragon/death_red0003.png using Guid(4dd8a9c9d6492304a9e8e222940c0390) Importer(815301076,1909f56bfc062723c751e8b465ee728b)  -> (artifact id: '9332a5cd9708e20da40b725c67f73a68') in 0.026536 seconds 
  Import took 0.029746 seconds .

========================================================================
Received Import Request.
  Time since last request: 0.000197 seconds.
  path: Assets/Sprites/Dragon/death_red0004.png
  artifactKey: Guid(d15fff177a9e7cc409f9cb7a1ea5d52c) Importer(815301076,1909f56bfc062723c751e8b465ee728b)
Start importing Assets/Sprites/Dragon/death_red0004.png using Guid(d15fff177a9e7cc409f9cb7a1ea5d52c) Importer(815301076,1909f56bfc062723c751e8b465ee728b)  -> (artifact id: '120ea5d9c9e665f403db8a9422382b2b') in 0.027415 seconds 
  Import took 0.030773 seconds .

========================================================================
Received Import Request.
  Time since last request: 0.000194 seconds.
  path: Assets/Sprites/Dragon/death_red0005.png
  artifactKey: Guid(7bec9dd04fe1f914e91c1562111cbb6f) Importer(815301076,1909f56bfc062723c751e8b465ee728b)
Start importing Assets/Sprites/Dragon/death_red0005.png using Guid(7bec9dd04fe1f914e91c1562111cbb6f) Importer(815301076,1909f56bfc062723c751e8b465ee728b)  -> (artifact id: 'fb473faa64a5753bf749fde7c8e8e3e8') in 0.037247 seconds 
  Import took 0.040604 seconds .

========================================================================
Received Import Request.
  Time since last request: 0.000191 seconds.
  path: Assets/Sprites/Dragon/death_red0007.png
  artifactKey: Guid(f90382604f3852b418082fcd86242cbf) Importer(815301076,1909f56bfc062723c751e8b465ee728b)
Start importing Assets/Sprites/Dragon/death_red0007.png using Guid(f90382604f3852b418082fcd86242cbf) Importer(815301076,1909f56bfc062723c751e8b465ee728b)  -> (artifact id: 'cd23e6ef952fa4b34348eda814777d2c') in 0.031311 seconds 
  Import took 0.034702 seconds .

========================================================================
Received Import Request.
  Time since last request: 0.000221 seconds.
  path: Assets/Sprites/Dragon/death_red0008.png
  artifactKey: Guid(c3a3b8ee80243144da630ce083348920) Importer(815301076,1909f56bfc062723c751e8b465ee728b)
Start importing Assets/Sprites/Dragon/death_red0008.png using Guid(c3a3b8ee80243144da630ce083348920) Importer(815301076,1909f56bfc062723c751e8b465ee728b)  -> (artifact id: 'a89e71299cde0fabffb843d4f40996a7') in 0.027834 seconds 
  Import took 0.031054 seconds .

========================================================================
Received Import Request.
  Time since last request: 0.000329 seconds.
  path: Assets/Sprites/Dragon/death_red0009.png
  artifactKey: Guid(dc146ef5fb5f9ee4eb9015cbe507faeb) Importer(815301076,1909f56bfc062723c751e8b465ee728b)
Start importing Assets/Sprites/Dragon/death_red0009.png using Guid(dc146ef5fb5f9ee4eb9015cbe507faeb) Importer(815301076,1909f56bfc062723c751e8b465ee728b)  -> (artifact id: '3a5d110e54c44dd2006a449cfb8a728b') in 0.029255 seconds 
  Import took 0.032544 seconds .

========================================================================
Received Import Request.
  Time since last request: 0.000189 seconds.
  path: Assets/Sprites/Dragon/death_red0006.png
  artifactKey: Guid(ddef6960c64278a449c13fbd21eaa6c6) Importer(815301076,1909f56bfc062723c751e8b465ee728b)
Start importing Assets/Sprites/Dragon/death_red0006.png using Guid(ddef6960c64278a449c13fbd21eaa6c6) Importer(815301076,1909f56bfc062723c751e8b465ee728b)  -> (artifact id: 'b7c746d7c4de6fec94237a2ad6a26259') in 0.030612 seconds 
  Import took 0.034023 seconds .

========================================================================
Received Import Request.
  Time since last request: 0.445967 seconds.
  path: Assets/Sprites/Dragon/death_red0010.png
  artifactKey: Guid(693e035a9e915dd499e984159e6e4f9f) Importer(815301076,1909f56bfc062723c751e8b465ee728b)
Start importing Assets/Sprites/Dragon/death_red0010.png using Guid(693e035a9e915dd499e984159e6e4f9f) Importer(815301076,1909f56bfc062723c751e8b465ee728b)  -> (artifact id: 'a1f5ee81768623bfe1760ed47fc743f5') in 0.030175 seconds 
  Import took 0.033966 seconds .

========================================================================
Received Import Request.
  Time since last request: 0.061386 seconds.
  path: Assets/Samples/2D Animation/5.0.9/Samples/Extras/Attachment Points/Sprites/Fei's Staff.png
  artifactKey: Guid(144ca0ad4121a41fc9918767e6717faf) Importer(815301076,1909f56bfc062723c751e8b465ee728b)
Start importing Assets/Samples/2D Animation/5.0.9/Samples/Extras/Attachment Points/Sprites/Fei's Staff.png using Guid(144ca0ad4121a41fc9918767e6717faf) Importer(815301076,1909f56bfc062723c751e8b465ee728b)  -> (artifact id: 'ba0fbc7b1efcea5484795b0e5503475d') in 0.028745 seconds 
  Import took 0.032630 seconds .

========================================================================
Received Import Request.
  Time since last request: 7.352029 seconds.
  path: Assets/Sprites/Dragon/head_red.png
  artifactKey: Guid(263064248f8be044b864449bd16c61c7) Importer(815301076,1909f56bfc062723c751e8b465ee728b)
Start importing Assets/Sprites/Dragon/head_red.png using Guid(263064248f8be044b864449bd16c61c7) Importer(815301076,1909f56bfc062723c751e8b465ee728b)  -> (artifact id: 'ab3dfed616ccd7a47a0aca50afae1546') in 0.027449 seconds 
  Import took 0.031270 seconds .

========================================================================
Received Import Request.
  Time since last request: 2.904057 seconds.
  path: Assets/Sprites/Pig/pig-calm.png
  artifactKey: Guid(7836541b7d7a83d4489407796d82f6c1) Importer(815301076,1909f56bfc062723c751e8b465ee728b)
Start importing Assets/Sprites/Pig/pig-calm.png using Guid(7836541b7d7a83d4489407796d82f6c1) Importer(815301076,1909f56bfc062723c751e8b465ee728b)  -> (artifact id: '1d1a73533d252fbfff22fa7d6f55c6f3') in 0.028706 seconds 
  Import took 0.032551 seconds .

========================================================================
Received Import Request.
  Time since last request: 0.000169 seconds.
  path: Assets/Sprites/Pig/pigburger.png
  artifactKey: Guid(6cd5ae3c7e6f67d449276a90ff27365b) Importer(815301076,1909f56bfc062723c751e8b465ee728b)
Start importing Assets/Sprites/Pig/pigburger.png using Guid(6cd5ae3c7e6f67d449276a90ff27365b) Importer(815301076,1909f56bfc062723c751e8b465ee728b)  -> (artifact id: '461f9a3a822e630812f893e6acb5bb06') in 0.030285 seconds 
  Import took 0.033762 seconds .

========================================================================
Received Import Request.
  Time since last request: 0.000204 seconds.
  path: Assets/Samples/2D Animation/5.0.9/Samples/2 Single Skinned Sprite/Sprites/Plunkah.png
  artifactKey: Guid(9d235826445ca40a6b891614a381d426) Importer(815301076,1909f56bfc062723c751e8b465ee728b)
Start importing Assets/Samples/2D Animation/5.0.9/Samples/2 Single Skinned Sprite/Sprites/Plunkah.png using Guid(9d235826445ca40a6b891614a381d426) Importer(815301076,1909f56bfc062723c751e8b465ee728b)  -> (artifact id: 'c0bcc47266c3ba3bc3f0ff8a86956616') in 0.031500 seconds 
  Import took 0.034926 seconds .

========================================================================
Received Import Request.
  Time since last request: 0.000173 seconds.
  path: Assets/Samples/2D Animation/5.0.9/Samples/Extras/IK/Sprites/Plunkah.png
  artifactKey: Guid(fafd3ffdc7e064d67a2d3277e916184c) Importer(815301076,1909f56bfc062723c751e8b465ee728b)
Start importing Assets/Samples/2D Animation/5.0.9/Samples/Extras/IK/Sprites/Plunkah.png using Guid(fafd3ffdc7e064d67a2d3277e916184c) Importer(815301076,1909f56bfc062723c751e8b465ee728b)  -> (artifact id: 'fcbc8ec4af50b3c60df2817b17bff4cc') in 0.014814 seconds 
  Import took 0.018038 seconds .

========================================================================
Received Import Request.
  Time since last request: 0.000224 seconds.
  path: Assets/Samples/2D Animation/5.0.9/Samples/5 SpriteSwap/Sprites/Rikr.png
  artifactKey: Guid(f147904358fc9c042beea56963e6b70a) Importer(815301076,1909f56bfc062723c751e8b465ee728b)
Start importing Assets/Samples/2D Animation/5.0.9/Samples/5 SpriteSwap/Sprites/Rikr.png using Guid(f147904358fc9c042beea56963e6b70a) Importer(815301076,1909f56bfc062723c751e8b465ee728b)  -> (artifact id: 'c2b40712d3bf0097b1e8a1e9094c5251') in 0.104990 seconds 
  Import took 0.108682 seconds .

========================================================================
Received Import Request.
  Time since last request: 0.000194 seconds.
  path: Assets/Samples/2D Animation/5.0.9/Samples/5 SpriteSwap/Sprites/Rikr Rage.png
  artifactKey: Guid(62aab9d0b7eea6d46a98bc6bfb5f255e) Importer(815301076,1909f56bfc062723c751e8b465ee728b)
Start importing Assets/Samples/2D Animation/5.0.9/Samples/5 SpriteSwap/Sprites/Rikr Rage.png using Guid(62aab9d0b7eea6d46a98bc6bfb5f255e) Importer(815301076,1909f56bfc062723c751e8b465ee728b)  -> (artifact id: 'e86d9867409884653839bdaf44258c19') in 0.082582 seconds 
  Import took 0.086130 seconds .

========================================================================
Received Import Request.
  Time since last request: 0.000186 seconds.
  path: Assets/Samples/2D Animation/5.0.9/Samples/5 SpriteSwap/Sprites/Rikr Poison.png
  artifactKey: Guid(cc7586140aa6bac4ab484e8dc1a41a4c) Importer(815301076,1909f56bfc062723c751e8b465ee728b)
Start importing Assets/Samples/2D Animation/5.0.9/Samples/5 SpriteSwap/Sprites/Rikr Poison.png using Guid(cc7586140aa6bac4ab484e8dc1a41a4c) Importer(815301076,1909f56bfc062723c751e8b465ee728b)  -> (artifact id: 'fa739c765896b62d423c8b04a8abfbae') in 0.082491 seconds 
  Import took 0.086218 seconds .

========================================================================
Received Import Request.
  Time since last request: 0.000176 seconds.
  path: Assets/Samples/2D Animation/5.0.9/Samples/5 SpriteSwap/Sprites/Scavengers_SpriteSheet.png
  artifactKey: Guid(6b750765a9e73934383c8285cef51320) Importer(815301076,1909f56bfc062723c751e8b465ee728b)
Start importing Assets/Samples/2D Animation/5.0.9/Samples/5 SpriteSwap/Sprites/Scavengers_SpriteSheet.png using Guid(6b750765a9e73934383c8285cef51320) Importer(815301076,1909f56bfc062723c751e8b465ee728b)  -> (artifact id: '749d669e3f4ec583b70837aeefa8a702') in 0.174842 seconds 
  Import took 0.178790 seconds .

========================================================================
Received Import Request.
  Time since last request: 0.000170 seconds.
  path: Assets/Samples/2D Animation/5.0.9/Samples/3 Multiple Skinned Sprites/Sprites/Rikr.png
  artifactKey: Guid(036e5d1dec89b4a449390d4d1288067f) Importer(815301076,1909f56bfc062723c751e8b465ee728b)
Start importing Assets/Samples/2D Animation/5.0.9/Samples/3 Multiple Skinned Sprites/Sprites/Rikr.png using Guid(036e5d1dec89b4a449390d4d1288067f) Importer(815301076,1909f56bfc062723c751e8b465ee728b)  -> (artifact id: '0e878a659682a71b6918e72082d2bde1') in 0.033709 seconds 
  Import took 0.037103 seconds .

========================================================================
Received Import Request.
  Time since last request: 0.030397 seconds.
  path: Assets/Sprites/Crate/supply-crate.png
  artifactKey: Guid(149cceeed08b97941af7d143b740883e) Importer(815301076,1909f56bfc062723c751e8b465ee728b)
Start importing Assets/Sprites/Crate/supply-crate.png using Guid(149cceeed08b97941af7d143b740883e) Importer(815301076,1909f56bfc062723c751e8b465ee728b)  -> (artifact id: 'eb935c2f9647896c96f29d3f7fadf647') in 0.025330 seconds 
  Import took 0.029163 seconds .

========================================================================
Received Prepare
Refreshing native plugins compatible for Editor in 3.92 ms, found 3 plugins.
Preloading 0 native plugins for Editor in 0.00 ms.
Unloading 15 Unused Serialized files (Serialized files now loaded: 0)
System memory in use before: 56.9 MB.
System memory in use after: 57.2 MB.

Unloading 15 unused Assets to reduce memory usage. Loaded Objects now: 2806.
Total: 3.752100 ms (FindLiveObjects: 0.286700 ms CreateObjectMapping: 0.057500 ms MarkObjects: 3.393700 ms  DeleteObjects: 0.013300 ms)

AssetImportParameters requested are different than current active one (requested -> active):
  custom:framework-win-MediaFoundation: 216162199b28c13a410421893ffa2e32 -> 
  custom:video-decoder-ogg-theora: a1e56fd34408186e4bbccfd4996cb3dc -> 
  custom:container-muxer-webm: aa71ff27fc2769a1b78a27578f13a17b -> 
  custom:container-demuxer-webm: 4f35f7cbe854078d1ac9338744f61a02 -> 
  custom:container-demuxer-ogg: 62fdf1f143b41e24485cea50d1cbac27 -> 
  custom:video-encoder-webm-vp8: eb34c28f22e8b96e1ab97ce403110664 -> 
  custom:video-decoder-webm-vp8: 9c59270c3fd7afecdb556c50c9e8de78 -> 
  custom:audio-decoder-ogg-vorbis: bf7c407c2cedff20999df2af8eb42d56 -> 
  custom:audio-encoder-webm-vorbis: bf7c407c2cedff20999df2af8eb42d56 -> 
========================================================================
Received Prepare
Registering precompiled user dll's ...
Registered in 0.003947 seconds.
Begin MonoManager ReloadAssembly
Native extension for WindowsStandalone target not found
Refreshing native plugins compatible for Editor in 0.61 ms, found 3 plugins.
Preloading 0 native plugins for Editor in 0.00 ms.
Mono: successfully reloaded assembly
- Completed reload, in  0.972 seconds
Domain Reload Profiling:
	ReloadAssembly (972ms)
		BeginReloadAssembly (110ms)
			ExecutionOrderSort (0ms)
			DisableScriptedObjects (6ms)
			BackupInstance (0ms)
			ReleaseScriptingObjects (0ms)
			CreateAndSetChildDomain (39ms)
		EndReloadAssembly (800ms)
			LoadAssemblies (88ms)
			RebuildTransferFunctionScriptingTraits (0ms)
			SetupTypeCache (285ms)
			ReleaseScriptCaches (1ms)
			RebuildScriptCaches (41ms)
			SetupLoadedEditorAssemblies (287ms)
				LogAssemblyErrors (0ms)
				InitializePlatformSupportModulesInManaged (4ms)
				SetLoadedEditorAssemblies (0ms)
				RefreshPlugins (1ms)
				BeforeProcessingInitializeOnLoad (79ms)
				ProcessInitializeOnLoadAttributes (184ms)
				ProcessInitializeOnLoadMethodAttributes (11ms)
				AfterProcessingInitializeOnLoad (7ms)
				EditorAssembliesLoaded (0ms)
			ExecutionOrderSort2 (0ms)
			AwakeInstancesAfterBackupRestoration (9ms)
Platform modules already initialized, skipping
Refreshing native plugins compatible for Editor in 0.63 ms, found 3 plugins.
Preloading 0 native plugins for Editor in 0.00 ms.
Unloading 2200 Unused Serialized files (Serialized files now loaded: 0)
System memory in use before: 99.3 MB.
System memory in use after: 99.5 MB.

Unloading 17 unused Assets to reduce memory usage. Loaded Objects now: 2808.
Total: 3.149900 ms (FindLiveObjects: 0.295500 ms CreateObjectMapping: 0.060500 ms MarkObjects: 2.777500 ms  DeleteObjects: 0.015300 ms)

AssetImportParameters requested are different than current active one (requested -> active):
  custom:framework-win-MediaFoundation: 216162199b28c13a410421893ffa2e32 -> 
  custom:video-decoder-ogg-theora: a1e56fd34408186e4bbccfd4996cb3dc -> 
  custom:container-muxer-webm: aa71ff27fc2769a1b78a27578f13a17b -> 
  custom:container-demuxer-webm: 4f35f7cbe854078d1ac9338744f61a02 -> 
  custom:container-demuxer-ogg: 62fdf1f143b41e24485cea50d1cbac27 -> 
  custom:video-encoder-webm-vp8: eb34c28f22e8b96e1ab97ce403110664 -> 
  custom:video-decoder-webm-vp8: 9c59270c3fd7afecdb556c50c9e8de78 -> 
  custom:audio-decoder-ogg-vorbis: bf7c407c2cedff20999df2af8eb42d56 -> 
  custom:audio-encoder-webm-vorbis: bf7c407c2cedff20999df2af8eb42d56 -> 
========================================================================
Received Import Request.
  Time since last request: 715.747063 seconds.
  path: Assets/Sprites/Fox/FoxSpriteSheet.png
  artifactKey: Guid(73107f26f209a52469df24771fc126d3) Importer(815301076,1909f56bfc062723c751e8b465ee728b)
Start importing Assets/Sprites/Fox/FoxSpriteSheet.png using Guid(73107f26f209a52469df24771fc126d3) Importer(815301076,1909f56bfc062723c751e8b465ee728b)  -> (artifact id: '877996bd8d055d2e479c568170306ff1') in 0.052992 seconds 
  Import took 0.057317 seconds .

========================================================================
Received Prepare
Refreshing native plugins compatible for Editor in 4.23 ms, found 3 plugins.
Preloading 0 native plugins for Editor in 0.00 ms.
Unloading 15 Unused Serialized files (Serialized files now loaded: 0)
System memory in use before: 56.3 MB.
System memory in use after: 56.5 MB.

Unloading 15 unused Assets to reduce memory usage. Loaded Objects now: 2811.
Total: 4.085000 ms (FindLiveObjects: 0.384400 ms CreateObjectMapping: 0.117500 ms MarkObjects: 3.545600 ms  DeleteObjects: 0.036300 ms)

AssetImportParameters requested are different than current active one (requested -> active):
  custom:framework-win-MediaFoundation: 216162199b28c13a410421893ffa2e32 -> 
  custom:video-decoder-ogg-theora: a1e56fd34408186e4bbccfd4996cb3dc -> 
  custom:container-muxer-webm: aa71ff27fc2769a1b78a27578f13a17b -> 
  custom:container-demuxer-webm: 4f35f7cbe854078d1ac9338744f61a02 -> 
  custom:container-demuxer-ogg: 62fdf1f143b41e24485cea50d1cbac27 -> 
  custom:video-encoder-webm-vp8: eb34c28f22e8b96e1ab97ce403110664 -> 
  custom:video-decoder-webm-vp8: 9c59270c3fd7afecdb556c50c9e8de78 -> 
  custom:audio-decoder-ogg-vorbis: bf7c407c2cedff20999df2af8eb42d56 -> 
  custom:audio-encoder-webm-vorbis: bf7c407c2cedff20999df2af8eb42d56 -> 
========================================================================
Received Prepare
Refreshing native plugins compatible for Editor in 3.75 ms, found 3 plugins.
Preloading 0 native plugins for Editor in 0.00 ms.
Unloading 15 Unused Serialized files (Serialized files now loaded: 0)
System memory in use before: 56.3 MB.
System memory in use after: 56.5 MB.

Unloading 15 unused Assets to reduce memory usage. Loaded Objects now: 2811.
Total: 3.708000 ms (FindLiveObjects: 0.304300 ms CreateObjectMapping: 0.062000 ms MarkObjects: 3.328000 ms  DeleteObjects: 0.012700 ms)

AssetImportParameters requested are different than current active one (requested -> active):
  custom:framework-win-MediaFoundation: 216162199b28c13a410421893ffa2e32 -> 
  custom:video-decoder-ogg-theora: a1e56fd34408186e4bbccfd4996cb3dc -> 
  custom:container-muxer-webm: aa71ff27fc2769a1b78a27578f13a17b -> 
  custom:container-demuxer-webm: 4f35f7cbe854078d1ac9338744f61a02 -> 
  custom:container-demuxer-ogg: 62fdf1f143b41e24485cea50d1cbac27 -> 
  custom:video-encoder-webm-vp8: eb34c28f22e8b96e1ab97ce403110664 -> 
  custom:video-decoder-webm-vp8: 9c59270c3fd7afecdb556c50c9e8de78 -> 
  custom:audio-decoder-ogg-vorbis: bf7c407c2cedff20999df2af8eb42d56 -> 
  custom:audio-encoder-webm-vorbis: bf7c407c2cedff20999df2af8eb42d56 -> 
========================================================================
Received Prepare
Refreshing native plugins compatible for Editor in 3.62 ms, found 3 plugins.
Preloading 0 native plugins for Editor in 0.00 ms.
Unloading 15 Unused Serialized files (Serialized files now loaded: 0)
System memory in use before: 56.3 MB.
System memory in use after: 56.5 MB.

Unloading 15 unused Assets to reduce memory usage. Loaded Objects now: 2811.
Total: 4.025000 ms (FindLiveObjects: 0.279600 ms CreateObjectMapping: 0.058100 ms MarkObjects: 3.667400 ms  DeleteObjects: 0.018700 ms)

AssetImportParameters requested are different than current active one (requested -> active):
  custom:framework-win-MediaFoundation: 216162199b28c13a410421893ffa2e32 -> 
  custom:video-decoder-ogg-theora: a1e56fd34408186e4bbccfd4996cb3dc -> 
  custom:container-muxer-webm: aa71ff27fc2769a1b78a27578f13a17b -> 
  custom:container-demuxer-webm: 4f35f7cbe854078d1ac9338744f61a02 -> 
  custom:container-demuxer-ogg: 62fdf1f143b41e24485cea50d1cbac27 -> 
  custom:video-encoder-webm-vp8: eb34c28f22e8b96e1ab97ce403110664 -> 
  custom:video-decoder-webm-vp8: 9c59270c3fd7afecdb556c50c9e8de78 -> 
  custom:audio-decoder-ogg-vorbis: bf7c407c2cedff20999df2af8eb42d56 -> 
  custom:audio-encoder-webm-vorbis: bf7c407c2cedff20999df2af8eb42d56 -> 
========================================================================
Received Prepare
Refreshing native plugins compatible for Editor in 3.69 ms, found 3 plugins.
Preloading 0 native plugins for Editor in 0.00 ms.
Unloading 15 Unused Serialized files (Serialized files now loaded: 0)
System memory in use before: 56.3 MB.
System memory in use after: 56.5 MB.

Unloading 15 unused Assets to reduce memory usage. Loaded Objects now: 2811.
Total: 4.680400 ms (FindLiveObjects: 0.469400 ms CreateObjectMapping: 0.247200 ms MarkObjects: 3.943300 ms  DeleteObjects: 0.019400 ms)

AssetImportParameters requested are different than current active one (requested -> active):
  custom:framework-win-MediaFoundation: 216162199b28c13a410421893ffa2e32 -> 
  custom:video-decoder-ogg-theora: a1e56fd34408186e4bbccfd4996cb3dc -> 
  custom:container-muxer-webm: aa71ff27fc2769a1b78a27578f13a17b -> 
  custom:container-demuxer-webm: 4f35f7cbe854078d1ac9338744f61a02 -> 
  custom:container-demuxer-ogg: 62fdf1f143b41e24485cea50d1cbac27 -> 
  custom:video-encoder-webm-vp8: eb34c28f22e8b96e1ab97ce403110664 -> 
  custom:video-decoder-webm-vp8: 9c59270c3fd7afecdb556c50c9e8de78 -> 
  custom:audio-decoder-ogg-vorbis: bf7c407c2cedff20999df2af8eb42d56 -> 
  custom:audio-encoder-webm-vorbis: bf7c407c2cedff20999df2af8eb42d56 -> 
========================================================================
Received Import Request.
  Time since last request: 146.303411 seconds.
  path: Assets/Sprites/Fox/FoxSpriteSheet.png
  artifactKey: Guid(73107f26f209a52469df24771fc126d3) Importer(815301076,1909f56bfc062723c751e8b465ee728b)
Start importing Assets/Sprites/Fox/FoxSpriteSheet.png using Guid(73107f26f209a52469df24771fc126d3) Importer(815301076,1909f56bfc062723c751e8b465ee728b)  -> (artifact id: '7e4a455864b33dfe40d0a0ac21cb6b83') in 0.013968 seconds 
  Import took 0.018074 seconds .

========================================================================
Received Prepare
Refreshing native plugins compatible for Editor in 3.99 ms, found 3 plugins.
Preloading 0 native plugins for Editor in 0.00 ms.
Unloading 15 Unused Serialized files (Serialized files now loaded: 0)
System memory in use before: 56.3 MB.
System memory in use after: 56.5 MB.

Unloading 15 unused Assets to reduce memory usage. Loaded Objects now: 2811.
Total: 4.259900 ms (FindLiveObjects: 0.297100 ms CreateObjectMapping: 0.060500 ms MarkObjects: 3.884200 ms  DeleteObjects: 0.017000 ms)

AssetImportParameters requested are different than current active one (requested -> active):
  custom:framework-win-MediaFoundation: 216162199b28c13a410421893ffa2e32 -> 
  custom:video-decoder-ogg-theora: a1e56fd34408186e4bbccfd4996cb3dc -> 
  custom:container-muxer-webm: aa71ff27fc2769a1b78a27578f13a17b -> 
  custom:container-demuxer-webm: 4f35f7cbe854078d1ac9338744f61a02 -> 
  custom:container-demuxer-ogg: 62fdf1f143b41e24485cea50d1cbac27 -> 
  custom:video-encoder-webm-vp8: eb34c28f22e8b96e1ab97ce403110664 -> 
  custom:video-decoder-webm-vp8: 9c59270c3fd7afecdb556c50c9e8de78 -> 
  custom:audio-decoder-ogg-vorbis: bf7c407c2cedff20999df2af8eb42d56 -> 
  custom:audio-encoder-webm-vorbis: bf7c407c2cedff20999df2af8eb42d56 -> 
========================================================================
Received Prepare
Registering precompiled user dll's ...
Registered in 0.003594 seconds.
Begin MonoManager ReloadAssembly
Native extension for WindowsStandalone target not found
Refreshing native plugins compatible for Editor in 0.63 ms, found 3 plugins.
Preloading 0 native plugins for Editor in 0.00 ms.
Mono: successfully reloaded assembly
- Completed reload, in  0.853 seconds
Domain Reload Profiling:
	ReloadAssembly (853ms)
		BeginReloadAssembly (96ms)
			ExecutionOrderSort (0ms)
			DisableScriptedObjects (6ms)
			BackupInstance (0ms)
			ReleaseScriptingObjects (0ms)
			CreateAndSetChildDomain (34ms)
		EndReloadAssembly (701ms)
			LoadAssemblies (74ms)
			RebuildTransferFunctionScriptingTraits (0ms)
			SetupTypeCache (249ms)
			ReleaseScriptCaches (1ms)
			RebuildScriptCaches (37ms)
			SetupLoadedEditorAssemblies (251ms)
				LogAssemblyErrors (0ms)
				InitializePlatformSupportModulesInManaged (4ms)
				SetLoadedEditorAssemblies (0ms)
				RefreshPlugins (1ms)
				BeforeProcessingInitializeOnLoad (70ms)
				ProcessInitializeOnLoadAttributes (162ms)
				ProcessInitializeOnLoadMethodAttributes (10ms)
				AfterProcessingInitializeOnLoad (5ms)
				EditorAssembliesLoaded (0ms)
			ExecutionOrderSort2 (0ms)
			AwakeInstancesAfterBackupRestoration (7ms)
Platform modules already initialized, skipping
Refreshing native plugins compatible for Editor in 0.62 ms, found 3 plugins.
Preloading 0 native plugins for Editor in 0.00 ms.
Unloading 2200 Unused Serialized files (Serialized files now loaded: 0)
System memory in use before: 99.3 MB.
System memory in use after: 99.5 MB.

Unloading 17 unused Assets to reduce memory usage. Loaded Objects now: 2813.
Total: 3.389700 ms (FindLiveObjects: 0.286600 ms CreateObjectMapping: 0.058500 ms MarkObjects: 3.020700 ms  DeleteObjects: 0.022800 ms)

AssetImportParameters requested are different than current active one (requested -> active):
  custom:framework-win-MediaFoundation: 216162199b28c13a410421893ffa2e32 -> 
  custom:video-decoder-ogg-theora: a1e56fd34408186e4bbccfd4996cb3dc -> 
  custom:container-muxer-webm: aa71ff27fc2769a1b78a27578f13a17b -> 
  custom:container-demuxer-webm: 4f35f7cbe854078d1ac9338744f61a02 -> 
  custom:container-demuxer-ogg: 62fdf1f143b41e24485cea50d1cbac27 -> 
  custom:video-encoder-webm-vp8: eb34c28f22e8b96e1ab97ce403110664 -> 
  custom:video-decoder-webm-vp8: 9c59270c3fd7afecdb556c50c9e8de78 -> 
  custom:audio-decoder-ogg-vorbis: bf7c407c2cedff20999df2af8eb42d56 -> 
  custom:audio-encoder-webm-vorbis: bf7c407c2cedff20999df2af8eb42d56 -> 
========================================================================
Received Prepare
Refreshing native plugins compatible for Editor in 4.24 ms, found 3 plugins.
Preloading 0 native plugins for Editor in 0.00 ms.
Unloading 15 Unused Serialized files (Serialized files now loaded: 0)
System memory in use before: 56.2 MB.
System memory in use after: 56.4 MB.

Unloading 15 unused Assets to reduce memory usage. Loaded Objects now: 2813.
Total: 4.444200 ms (FindLiveObjects: 0.386100 ms CreateObjectMapping: 0.058000 ms MarkObjects: 3.982800 ms  DeleteObjects: 0.016400 ms)

AssetImportParameters requested are different than current active one (requested -> active):
  custom:framework-win-MediaFoundation: 216162199b28c13a410421893ffa2e32 -> 
  custom:video-decoder-ogg-theora: a1e56fd34408186e4bbccfd4996cb3dc -> 
  custom:container-muxer-webm: aa71ff27fc2769a1b78a27578f13a17b -> 
  custom:container-demuxer-webm: 4f35f7cbe854078d1ac9338744f61a02 -> 
  custom:container-demuxer-ogg: 62fdf1f143b41e24485cea50d1cbac27 -> 
  custom:video-encoder-webm-vp8: eb34c28f22e8b96e1ab97ce403110664 -> 
  custom:video-decoder-webm-vp8: 9c59270c3fd7afecdb556c50c9e8de78 -> 
  custom:audio-decoder-ogg-vorbis: bf7c407c2cedff20999df2af8eb42d56 -> 
  custom:audio-encoder-webm-vorbis: bf7c407c2cedff20999df2af8eb42d56 -> 
========================================================================
Received Prepare
Registering precompiled user dll's ...
Registered in 0.003518 seconds.
Begin MonoManager ReloadAssembly
Native extension for WindowsStandalone target not found
Refreshing native plugins compatible for Editor in 0.60 ms, found 3 plugins.
Preloading 0 native plugins for Editor in 0.00 ms.
Mono: successfully reloaded assembly
- Completed reload, in  0.830 seconds
Domain Reload Profiling:
	ReloadAssembly (830ms)
		BeginReloadAssembly (91ms)
			ExecutionOrderSort (0ms)
			DisableScriptedObjects (5ms)
			BackupInstance (0ms)
			ReleaseScriptingObjects (0ms)
			CreateAndSetChildDomain (30ms)
		EndReloadAssembly (686ms)
			LoadAssemblies (72ms)
			RebuildTransferFunctionScriptingTraits (0ms)
			SetupTypeCache (239ms)
			ReleaseScriptCaches (1ms)
			RebuildScriptCaches (41ms)
			SetupLoadedEditorAssemblies (244ms)
				LogAssemblyErrors (0ms)
				InitializePlatformSupportModulesInManaged (3ms)
				SetLoadedEditorAssemblies (0ms)
				RefreshPlugins (1ms)
				BeforeProcessingInitializeOnLoad (68ms)
				ProcessInitializeOnLoadAttributes (157ms)
				ProcessInitializeOnLoadMethodAttributes (10ms)
				AfterProcessingInitializeOnLoad (5ms)
				EditorAssembliesLoaded (0ms)
			ExecutionOrderSort2 (0ms)
			AwakeInstancesAfterBackupRestoration (7ms)
Platform modules already initialized, skipping
Refreshing native plugins compatible for Editor in 0.57 ms, found 3 plugins.
Preloading 0 native plugins for Editor in 0.00 ms.
Unloading 2200 Unused Serialized files (Serialized files now loaded: 0)
System memory in use before: 99.3 MB.
System memory in use after: 99.5 MB.

Unloading 17 unused Assets to reduce memory usage. Loaded Objects now: 2815.
Total: 3.100700 ms (FindLiveObjects: 0.288600 ms CreateObjectMapping: 0.068800 ms MarkObjects: 2.726600 ms  DeleteObjects: 0.015800 ms)

AssetImportParameters requested are different than current active one (requested -> active):
  custom:framework-win-MediaFoundation: 216162199b28c13a410421893ffa2e32 -> 
  custom:video-decoder-ogg-theora: a1e56fd34408186e4bbccfd4996cb3dc -> 
  custom:container-muxer-webm: aa71ff27fc2769a1b78a27578f13a17b -> 
  custom:container-demuxer-webm: 4f35f7cbe854078d1ac9338744f61a02 -> 
  custom:container-demuxer-ogg: 62fdf1f143b41e24485cea50d1cbac27 -> 
  custom:video-encoder-webm-vp8: eb34c28f22e8b96e1ab97ce403110664 -> 
  custom:video-decoder-webm-vp8: 9c59270c3fd7afecdb556c50c9e8de78 -> 
  custom:audio-decoder-ogg-vorbis: bf7c407c2cedff20999df2af8eb42d56 -> 
  custom:audio-encoder-webm-vorbis: bf7c407c2cedff20999df2af8eb42d56 -> 
AssetImportWorkerClient::OnTransportError - code=2 error=End of file
